###############################################################################
#
# IAR ANSI C/C++ Compiler V7.40.2.8542/W32 for ARM        15/Jul/2016  17:17:53
# Copyright 1999-2015 IAR Systems AB.
#
#    Cpu mode     =  thumb
#    Endian       =  little
#    Source file  =  
#        F:\work\competition\freescale\P_freestyle\MINE\16.5.16\mycar\project\mycar\app\ccd.c
#    Command line =  
#        F:\work\competition\freescale\P_freestyle\MINE\16.5.16\mycar\project\mycar\app\ccd.c
#        -D LPLD_K60 -D USE_K60DZ10 -lCN
#        F:\work\competition\freescale\P_freestyle\MINE\16.5.16\mycar\project\mycar\iar\RAM\List\
#        -lB
#        F:\work\competition\freescale\P_freestyle\MINE\16.5.16\mycar\project\mycar\iar\RAM\List\
#        -o
#        F:\work\competition\freescale\P_freestyle\MINE\16.5.16\mycar\project\mycar\iar\RAM\Obj\
#        --no_cse --no_unroll --no_inline --no_code_motion --no_tbaa
#        --no_clustering --no_scheduling --debug --endian=little
#        --cpu=Cortex-M4 -e --fpu=None --dlib_config
#        E:\IAR\anzhuang\arm\INC\c\DLib_Config_Normal.h -I
#        F:\work\competition\freescale\P_freestyle\MINE\16.5.16\mycar\project\mycar\iar\..\app\
#        -I
#        F:\work\competition\freescale\P_freestyle\MINE\16.5.16\mycar\project\mycar\iar\..\..\..\lib\CPU\
#        -I
#        F:\work\competition\freescale\P_freestyle\MINE\16.5.16\mycar\project\mycar\iar\..\..\..\lib\common\
#        -I
#        F:\work\competition\freescale\P_freestyle\MINE\16.5.16\mycar\project\mycar\iar\..\..\..\lib\LPLD\
#        -I
#        F:\work\competition\freescale\P_freestyle\MINE\16.5.16\mycar\project\mycar\iar\..\..\..\lib\LPLD\HW\
#        -I
#        F:\work\competition\freescale\P_freestyle\MINE\16.5.16\mycar\project\mycar\iar\..\..\..\lib\LPLD\DEV\
#        -I
#        F:\work\competition\freescale\P_freestyle\MINE\16.5.16\mycar\project\mycar\iar\..\..\..\lib\LPLD\FUNC\
#        -I
#        F:\work\competition\freescale\P_freestyle\MINE\16.5.16\mycar\project\mycar\iar\..\..\..\lib\uCOS-II\Ports\
#        -I
#        F:\work\competition\freescale\P_freestyle\MINE\16.5.16\mycar\project\mycar\iar\..\..\..\lib\uCOS-II\Source\
#        -I
#        F:\work\competition\freescale\P_freestyle\MINE\16.5.16\mycar\project\mycar\iar\..\..\..\lib\FatFs\
#        -I
#        F:\work\competition\freescale\P_freestyle\MINE\16.5.16\mycar\project\mycar\iar\..\..\..\lib\FatFs\option\
#        -I
#        F:\work\competition\freescale\P_freestyle\MINE\16.5.16\mycar\project\mycar\iar\..\..\..\lib\USB\common\
#        -I
#        F:\work\competition\freescale\P_freestyle\MINE\16.5.16\mycar\project\mycar\iar\..\..\..\lib\USB\driver\
#        -I
#        F:\work\competition\freescale\P_freestyle\MINE\16.5.16\mycar\project\mycar\iar\..\..\..\lib\USB\descriptor\
#        -I
#        F:\work\competition\freescale\P_freestyle\MINE\16.5.16\mycar\project\mycar\iar\..\..\..\lib\USB\class\
#        -Ol -I E:\IAR\anzhuang\arm\CMSIS\Include\ -D ARM_MATH_CM4
#    List file    =  
#        F:\work\competition\freescale\P_freestyle\MINE\16.5.16\mycar\project\mycar\iar\RAM\List\ccd.lst
#    Object file  =  
#        F:\work\competition\freescale\P_freestyle\MINE\16.5.16\mycar\project\mycar\iar\RAM\Obj\ccd.o
#
###############################################################################

F:\work\competition\freescale\P_freestyle\MINE\16.5.16\mycar\project\mycar\app\ccd.c
      1          #include "ccd.h"
      2          
      3          

   \                                 In section .bss, align 4
      4          uint16 CCD_Buff[128] = { 0 };
   \                     CCD_Buff:
   \   00000000                      DS8 256

   \                                 In section .data, align 1
      5          uint8  CCD_Offset=200;           //暗电压大小    单片机12位AD白色赛道亮度值在200-1200左右
   \                     CCD_Offset:
   \   00000000   0xC8               DC8 200

   \                                 In section .bss, align 2
      6          uint16 Max_Value=0,Brightness;
   \                     Max_Value:
   \   00000000                      DS8 2

   \                                 In section .bss, align 2
   \                     Brightness:
   \   00000000                      DS8 2
      7          
      8          
      9          /****
     10          **初始化CCD服务
     11          ****/
     12          

   \                                 In section .text, align 2, keep-with-next
     13          void ccd_init(void)
     14          {
   \                     ccd_init: (+1)
   \   00000000   0xB580             PUSH     {R7,LR}
     15            ccd_GPIO_init();
   \   00000002   0x.... 0x....      BL       ccd_GPIO_init
     16            ccd_ADC_init();
   \   00000006   0x.... 0x....      BL       ccd_ADC_init
     17          }
   \   0000000A   0xBD01             POP      {R0,PC}          ;; return
     18          
     19          
     20          
     21          /***
     22          *初始化CCD数据线和时钟线的GPIO 
     23          ***/

   \                                 In section .text, align 2, keep-with-next
     24          void ccd_GPIO_init(void)
     25          {
   \                     ccd_GPIO_init: (+1)
   \   00000000   0xB580             PUSH     {R7,LR}
     26             /*
     27            gpio_init_struct.GPIO_PTx = PTB;
     28            gpio_init_struct.GPIO_Dir = DIR_OUTPUT;
     29            gpio_init_struct.GPIO_Output = OUTPUT_H;
     30            gpio_init_struct.GPIO_Pins = GPIO_Pin7 | GPIO_Pin8;
     31            LPLD_GPIO_Init(gpio_init_struct); //SI和CLK
     32            */
     33            
     34           
     35            gpio_init_struct.GPIO_PTx = PTB;
   \   00000002   0x....             LDR.N    R0,??DataTable3  ;; 0x400ff040
   \   00000004   0x....             LDR.N    R1,??DataTable3_1
   \   00000006   0x6008             STR      R0,[R1, #+0]
     36            gpio_init_struct.GPIO_Dir = DIR_OUTPUT;
   \   00000008   0x2001             MOVS     R0,#+1
   \   0000000A   0x....             LDR.N    R1,??DataTable3_1
   \   0000000C   0x7308             STRB     R0,[R1, #+12]
     37            gpio_init_struct.GPIO_Output = OUTPUT_H;
   \   0000000E   0x2001             MOVS     R0,#+1
   \   00000010   0x....             LDR.N    R1,??DataTable3_1
   \   00000012   0x7348             STRB     R0,[R1, #+13]
     38            gpio_init_struct.GPIO_Pins = GPIO_Pin16 | GPIO_Pin17;
   \   00000014   0xF45F 0x3040      MOVS     R0,#+196608
   \   00000018   0x....             LDR.N    R1,??DataTable3_1
   \   0000001A   0x6048             STR      R0,[R1, #+4]
     39            LPLD_GPIO_Init(gpio_init_struct); //SI和CLK
   \   0000001C   0x....             LDR.N    R1,??DataTable3_1
   \   0000001E   0xB084             SUB      SP,SP,#+16
   \   00000020   0x4668             MOV      R0,SP
   \   00000022   0x2214             MOVS     R2,#+20
   \   00000024   0x.... 0x....      BL       __aeabi_memcpy4
   \   00000028   0xBC0F             POP      {R0-R3}
   \   0000002A   0x.... 0x....      BL       LPLD_GPIO_Init
     40          }
   \   0000002E   0xBD01             POP      {R0,PC}          ;; return
     41          
     42          
     43          /***
     44          *初始化ADC，精度：单端12位
     45          ***/

   \                                 In section .text, align 2, keep-with-next
     46          void ccd_ADC_init(void)
     47          {
   \                     ccd_ADC_init: (+1)
   \   00000000   0xB580             PUSH     {R7,LR}
     48            adc_init_struct.ADC_Adcx = ADC0;
   \   00000002   0x....             LDR.N    R0,??DataTable3_2  ;; 0x4003b000
   \   00000004   0x....             LDR.N    R1,??DataTable3_3
   \   00000006   0x6008             STR      R0,[R1, #+0]
     49            adc_init_struct.ADC_BitMode = SE_12BIT;
   \   00000008   0x2001             MOVS     R0,#+1
   \   0000000A   0x....             LDR.N    R1,??DataTable3_3
   \   0000000C   0x7148             STRB     R0,[R1, #+5]
     50            adc_init_struct.ADC_CalEnable = TRUE; //使能自动校准
   \   0000000E   0x2001             MOVS     R0,#+1
   \   00000010   0x....             LDR.N    R1,??DataTable3_3
   \   00000012   0x72C8             STRB     R0,[R1, #+11]
     51            LPLD_ADC_Init(adc_init_struct); 
   \   00000014   0x....             LDR.N    R1,??DataTable3_3
   \   00000016   0xB084             SUB      SP,SP,#+16
   \   00000018   0x4668             MOV      R0,SP
   \   0000001A   0x2214             MOVS     R2,#+20
   \   0000001C   0x.... 0x....      BL       __aeabi_memcpy4
   \   00000020   0xBC0F             POP      {R0-R3}
   \   00000022   0x.... 0x....      BL       LPLD_ADC_Init
     52            
     53            LPLD_ADC_Chn_Enable(ADC0, AD10);
   \   00000026   0x210A             MOVS     R1,#+10
   \   00000028   0x....             LDR.N    R0,??DataTable3_2  ;; 0x4003b000
   \   0000002A   0x.... 0x....      BL       LPLD_ADC_Chn_Enable
     54          }
   \   0000002E   0xBD01             POP      {R0,PC}          ;; return
     55          

   \                                 In section .text, align 4, keep-with-next
     56          void delay200ns(void)
     57          {
     58              asm("nop");asm("nop");asm("nop");asm("nop");asm("nop");//共10个 一个asm("nop")是20ns;主频50MHz
   \                     delay200ns: (+1)
   \   00000000   0xBF00             nop
   \   00000002   0xBF00             nop
   \   00000004   0xBF00             nop
   \   00000006   0xBF00             nop
   \   00000008   0xBF00             nop
     59              asm("nop");asm("nop");asm("nop");asm("nop");asm("nop");
   \   0000000A   0xBF00             nop
   \   0000000C   0xBF00             nop
   \   0000000E   0xBF00             nop
   \   00000010   0xBF00             nop
   \   00000012   0xBF00             nop
     60          }
   \   00000014   0x4770             BX       LR               ;; return
     61          /***
     62          *CCD采集程序
     63          ***/

   \                                 In section .text, align 2, keep-with-next
     64          void CCD_Capture(void)
     65          {
   \                     CCD_Capture: (+1)
   \   00000000   0xB510             PUSH     {R4,LR}
     66              unsigned char i;
     67              
     68              SI_SetVal();
   \   00000002   0x2201             MOVS     R2,#+1
   \   00000004   0x2111             MOVS     R1,#+17
   \   00000006   0x....             LDR.N    R0,??DataTable3  ;; 0x400ff040
   \   00000008   0x.... 0x....      BL       LPLD_GPIO_Output_b
     69              delay200ns();
   \   0000000C   0x.... 0x....      BL       delay200ns
     70              CLK_SetVal();
   \   00000010   0x2201             MOVS     R2,#+1
   \   00000012   0x2110             MOVS     R1,#+16
   \   00000014   0x....             LDR.N    R0,??DataTable3  ;; 0x400ff040
   \   00000016   0x.... 0x....      BL       LPLD_GPIO_Output_b
     71              delay200ns();
   \   0000001A   0x.... 0x....      BL       delay200ns
     72              SI_ClrVal();
   \   0000001E   0x2200             MOVS     R2,#+0
   \   00000020   0x2111             MOVS     R1,#+17
   \   00000022   0x....             LDR.N    R0,??DataTable3  ;; 0x400ff040
   \   00000024   0x.... 0x....      BL       LPLD_GPIO_Output_b
     73              delay200ns();  
   \   00000028   0x.... 0x....      BL       delay200ns
     74              //采集第一个点
     75              CCD_Buff[0] = LPLD_ADC_Get(ADC0, AD10);
   \   0000002C   0x210A             MOVS     R1,#+10
   \   0000002E   0x....             LDR.N    R0,??DataTable3_2  ;; 0x4003b000
   \   00000030   0x.... 0x....      BL       LPLD_ADC_Get
   \   00000034   0x....             LDR.N    R1,??DataTable3_4
   \   00000036   0x8008             STRH     R0,[R1, #+0]
     76              Max_Value=CCD_Buff[0];
   \   00000038   0x....             LDR.N    R0,??DataTable3_4
   \   0000003A   0x8800             LDRH     R0,[R0, #+0]
   \   0000003C   0x....             LDR.N    R1,??DataTable3_5
   \   0000003E   0x8008             STRH     R0,[R1, #+0]
     77              CLK_ClrVal();
   \   00000040   0x2200             MOVS     R2,#+0
   \   00000042   0x2110             MOVS     R1,#+16
   \   00000044   0x....             LDR.N    R0,??DataTable3  ;; 0x400ff040
   \   00000046   0x.... 0x....      BL       LPLD_GPIO_Output_b
     78              //采集第2-128
     79              for (i = 1; i < 128; i++)
   \   0000004A   0x2401             MOVS     R4,#+1
   \   0000004C   0xE013             B.N      ??CCD_Capture_0
     80              {
     81                  delay200ns();      
     82                  CLK_SetVal();
     83                  delay200ns();
     84                  
     85              
     86                  CCD_Buff[i] = LPLD_ADC_Get(ADC0, AD10);
     87                  if((Right-Left>20)&&Leftlastfind&&Rightlastfind)             //上次左右边线都找了那么应该在左右5个点搜索最高亮度，把其他亮度抑制掉
     88                  {
     89                   if((i>Left)&&(i<Right))      if(Max_Value<CCD_Buff[i]) Max_Value=CCD_Buff[i]; 
     90                  } 
     91                  else
     92                  {
     93                    if(Max_Value<CCD_Buff[i])  Max_Value=CCD_Buff[i];
   \                     ??CCD_Capture_1: (+1)
   \   0000004E   0x....             LDR.N    R0,??DataTable3_5
   \   00000050   0x8800             LDRH     R0,[R0, #+0]
   \   00000052   0x....             LDR.N    R1,??DataTable3_4
   \   00000054   0xB2E4             UXTB     R4,R4            ;; ZeroExt  R4,R4,#+24,#+24
   \   00000056   0xF831 0x1014      LDRH     R1,[R1, R4, LSL #+1]
   \   0000005A   0x4288             CMP      R0,R1
   \   0000005C   0xD205             BCS.N    ??CCD_Capture_2
   \   0000005E   0x....             LDR.N    R0,??DataTable3_4
   \   00000060   0xB2E4             UXTB     R4,R4            ;; ZeroExt  R4,R4,#+24,#+24
   \   00000062   0xF830 0x0014      LDRH     R0,[R0, R4, LSL #+1]
   \   00000066   0x....             LDR.N    R1,??DataTable3_5
   \   00000068   0x8008             STRH     R0,[R1, #+0]
     94                  }
     95                  CLK_ClrVal();
   \                     ??CCD_Capture_2: (+1)
   \   0000006A   0x2200             MOVS     R2,#+0
   \   0000006C   0x2110             MOVS     R1,#+16
   \   0000006E   0x....             LDR.N    R0,??DataTable3  ;; 0x400ff040
   \   00000070   0x.... 0x....      BL       LPLD_GPIO_Output_b
   \   00000074   0x1C64             ADDS     R4,R4,#+1
   \                     ??CCD_Capture_0: (+1)
   \   00000076   0xB2E4             UXTB     R4,R4            ;; ZeroExt  R4,R4,#+24,#+24
   \   00000078   0x2C80             CMP      R4,#+128
   \   0000007A   0xDA38             BGE.N    ??CCD_Capture_3
   \   0000007C   0x.... 0x....      BL       delay200ns
   \   00000080   0x2201             MOVS     R2,#+1
   \   00000082   0x2110             MOVS     R1,#+16
   \   00000084   0x....             LDR.N    R0,??DataTable3  ;; 0x400ff040
   \   00000086   0x.... 0x....      BL       LPLD_GPIO_Output_b
   \   0000008A   0x.... 0x....      BL       delay200ns
   \   0000008E   0x210A             MOVS     R1,#+10
   \   00000090   0x....             LDR.N    R0,??DataTable3_2  ;; 0x4003b000
   \   00000092   0x.... 0x....      BL       LPLD_ADC_Get
   \   00000096   0x....             LDR.N    R1,??DataTable3_4
   \   00000098   0xB2E4             UXTB     R4,R4            ;; ZeroExt  R4,R4,#+24,#+24
   \   0000009A   0xF821 0x0014      STRH     R0,[R1, R4, LSL #+1]
   \   0000009E   0x....             LDR.N    R0,??DataTable3_6
   \   000000A0   0x6800             LDR      R0,[R0, #+0]
   \   000000A2   0x....             LDR.N    R1,??DataTable3_7
   \   000000A4   0x6809             LDR      R1,[R1, #+0]
   \   000000A6   0x1A40             SUBS     R0,R0,R1
   \   000000A8   0x2815             CMP      R0,#+21
   \   000000AA   0xDBD0             BLT.N    ??CCD_Capture_1
   \   000000AC   0x....             LDR.N    R0,??DataTable3_8
   \   000000AE   0x7800             LDRB     R0,[R0, #+0]
   \   000000B0   0x2800             CMP      R0,#+0
   \   000000B2   0xD0CC             BEQ.N    ??CCD_Capture_1
   \   000000B4   0x....             LDR.N    R0,??DataTable3_9
   \   000000B6   0x7800             LDRB     R0,[R0, #+0]
   \   000000B8   0x2800             CMP      R0,#+0
   \   000000BA   0xD0C8             BEQ.N    ??CCD_Capture_1
   \   000000BC   0x....             LDR.N    R0,??DataTable3_7
   \   000000BE   0x6800             LDR      R0,[R0, #+0]
   \   000000C0   0xB2E4             UXTB     R4,R4            ;; ZeroExt  R4,R4,#+24,#+24
   \   000000C2   0x42A0             CMP      R0,R4
   \   000000C4   0xDAD1             BGE.N    ??CCD_Capture_2
   \   000000C6   0xB2E4             UXTB     R4,R4            ;; ZeroExt  R4,R4,#+24,#+24
   \   000000C8   0x....             LDR.N    R0,??DataTable3_6
   \   000000CA   0x6800             LDR      R0,[R0, #+0]
   \   000000CC   0x4284             CMP      R4,R0
   \   000000CE   0xDACC             BGE.N    ??CCD_Capture_2
   \   000000D0   0x....             LDR.N    R0,??DataTable3_5
   \   000000D2   0x8800             LDRH     R0,[R0, #+0]
   \   000000D4   0x....             LDR.N    R1,??DataTable3_4
   \   000000D6   0xB2E4             UXTB     R4,R4            ;; ZeroExt  R4,R4,#+24,#+24
   \   000000D8   0xF831 0x1014      LDRH     R1,[R1, R4, LSL #+1]
   \   000000DC   0x4288             CMP      R0,R1
   \   000000DE   0xD2C4             BCS.N    ??CCD_Capture_2
   \   000000E0   0x....             LDR.N    R0,??DataTable3_4
   \   000000E2   0xB2E4             UXTB     R4,R4            ;; ZeroExt  R4,R4,#+24,#+24
   \   000000E4   0xF830 0x0014      LDRH     R0,[R0, R4, LSL #+1]
   \   000000E8   0x....             LDR.N    R1,??DataTable3_5
   \   000000EA   0x8008             STRH     R0,[R1, #+0]
   \   000000EC   0xE7BD             B.N      ??CCD_Capture_2
     96              }
     97              delay200ns();
   \                     ??CCD_Capture_3: (+1)
   \   000000EE   0x.... 0x....      BL       delay200ns
     98              CLK_SetVal();
   \   000000F2   0x2201             MOVS     R2,#+1
   \   000000F4   0x2110             MOVS     R1,#+16
   \   000000F6   0x....             LDR.N    R0,??DataTable3  ;; 0x400ff040
   \   000000F8   0x.... 0x....      BL       LPLD_GPIO_Output_b
     99              delay200ns();
   \   000000FC   0x.... 0x....      BL       delay200ns
    100              CLK_ClrVal();
   \   00000100   0x2200             MOVS     R2,#+0
   \   00000102   0x2110             MOVS     R1,#+16
   \   00000104   0x....             LDR.N    R0,??DataTable3  ;; 0x400ff040
   \   00000106   0x.... 0x....      BL       LPLD_GPIO_Output_b
    101          }
   \   0000010A   0xBD10             POP      {R4,PC}          ;; return
    102          

   \                                 In section .text, align 2, keep-with-next
    103          void CCD_Normalization(void)
    104          {
   \                     CCD_Normalization: (+1)
   \   00000000   0xB538             PUSH     {R3-R5,LR}
    105            uint8 i=0;
   \   00000002   0x2500             MOVS     R5,#+0
    106            float ratio;//比率 
    107            int temp;
    108            if(Max_Value>CCD_Offset)
   \   00000004   0x....             LDR.N    R0,??DataTable3_10
   \   00000006   0x7800             LDRB     R0,[R0, #+0]
   \   00000008   0x....             LDR.N    R1,??DataTable3_5
   \   0000000A   0x8809             LDRH     R1,[R1, #+0]
   \   0000000C   0xB280             UXTH     R0,R0            ;; ZeroExt  R0,R0,#+16,#+16
   \   0000000E   0x4288             CMP      R0,R1
   \   00000010   0xD210             BCS.N    ??CCD_Normalization_0
    109            ratio = 127.0/(Max_Value-CCD_Offset);
   \   00000012   0x....             LDR.N    R0,??DataTable3_5
   \   00000014   0x8800             LDRH     R0,[R0, #+0]
   \   00000016   0x....             LDR.N    R1,??DataTable3_10
   \   00000018   0x7809             LDRB     R1,[R1, #+0]
   \   0000001A   0x1A40             SUBS     R0,R0,R1
   \   0000001C   0x.... 0x....      BL       __aeabi_i2d
   \   00000020   0x0002             MOVS     R2,R0
   \   00000022   0x000B             MOVS     R3,R1
   \   00000024   0x2000             MOVS     R0,#+0
   \   00000026   0x....             LDR.N    R1,??DataTable3_11  ;; 0x405fc000
   \   00000028   0x.... 0x....      BL       __aeabi_ddiv
   \   0000002C   0x.... 0x....      BL       __aeabi_d2f
   \   00000030   0x0004             MOVS     R4,R0
   \   00000032   0xE000             B.N      ??CCD_Normalization_1
    110            else ratio=0;
   \                     ??CCD_Normalization_0: (+1)
   \   00000034   0x2400             MOVS     R4,#+0
    111            for(i=0;i<128;i++)
   \                     ??CCD_Normalization_1: (+1)
   \   00000036   0x2500             MOVS     R5,#+0
   \   00000038   0xE01E             B.N      ??CCD_Normalization_2
    112            {
    113              if(CCD_Buff[i]>CCD_Offset)
    114              temp=CCD_Buff[i]-CCD_Offset;
    115              else temp=0;
   \                     ??CCD_Normalization_3: (+1)
   \   0000003A   0x2000             MOVS     R0,#+0
    116              CCD_Buff[i] = (int)(temp*ratio);
   \                     ??CCD_Normalization_4: (+1)
   \   0000003C   0x.... 0x....      BL       __aeabi_i2f
   \   00000040   0x0021             MOVS     R1,R4
   \   00000042   0x.... 0x....      BL       __aeabi_fmul
   \   00000046   0x.... 0x....      BL       __aeabi_f2iz
   \   0000004A   0x....             LDR.N    R1,??DataTable3_4
   \   0000004C   0xB2ED             UXTB     R5,R5            ;; ZeroExt  R5,R5,#+24,#+24
   \   0000004E   0xF821 0x0015      STRH     R0,[R1, R5, LSL #+1]
    117              if(CCD_Buff[i]>126) CCD_Buff[i]=126;
   \   00000052   0x....             LDR.N    R0,??DataTable3_4
   \   00000054   0xB2ED             UXTB     R5,R5            ;; ZeroExt  R5,R5,#+24,#+24
   \   00000056   0xF830 0x0015      LDRH     R0,[R0, R5, LSL #+1]
   \   0000005A   0x287F             CMP      R0,#+127
   \   0000005C   0xDB04             BLT.N    ??CCD_Normalization_5
   \   0000005E   0x207E             MOVS     R0,#+126
   \   00000060   0x....             LDR.N    R1,??DataTable3_4
   \   00000062   0xB2ED             UXTB     R5,R5            ;; ZeroExt  R5,R5,#+24,#+24
   \   00000064   0xF821 0x0015      STRH     R0,[R1, R5, LSL #+1]
    118              CCD_Draw_Buff[i]=CCD_Buff[i];
   \                     ??CCD_Normalization_5: (+1)
   \   00000068   0x....             LDR.N    R0,??DataTable3_4
   \   0000006A   0xB2ED             UXTB     R5,R5            ;; ZeroExt  R5,R5,#+24,#+24
   \   0000006C   0xF830 0x0015      LDRH     R0,[R0, R5, LSL #+1]
   \   00000070   0x....             LDR.N    R1,??DataTable3_12
   \   00000072   0xB2ED             UXTB     R5,R5            ;; ZeroExt  R5,R5,#+24,#+24
   \   00000074   0x5468             STRB     R0,[R5, R1]
   \   00000076   0x1C6D             ADDS     R5,R5,#+1
   \                     ??CCD_Normalization_2: (+1)
   \   00000078   0xB2ED             UXTB     R5,R5            ;; ZeroExt  R5,R5,#+24,#+24
   \   0000007A   0x2D80             CMP      R5,#+128
   \   0000007C   0xDA10             BGE.N    ??CCD_Normalization_6
   \   0000007E   0x....             LDR.N    R0,??DataTable3_10
   \   00000080   0x7800             LDRB     R0,[R0, #+0]
   \   00000082   0x....             LDR.N    R1,??DataTable3_4
   \   00000084   0xB2ED             UXTB     R5,R5            ;; ZeroExt  R5,R5,#+24,#+24
   \   00000086   0xF831 0x1015      LDRH     R1,[R1, R5, LSL #+1]
   \   0000008A   0xB280             UXTH     R0,R0            ;; ZeroExt  R0,R0,#+16,#+16
   \   0000008C   0x4288             CMP      R0,R1
   \   0000008E   0xD2D4             BCS.N    ??CCD_Normalization_3
   \   00000090   0x....             LDR.N    R0,??DataTable3_4
   \   00000092   0xB2ED             UXTB     R5,R5            ;; ZeroExt  R5,R5,#+24,#+24
   \   00000094   0xF830 0x0015      LDRH     R0,[R0, R5, LSL #+1]
   \   00000098   0x....             LDR.N    R1,??DataTable3_10
   \   0000009A   0x7809             LDRB     R1,[R1, #+0]
   \   0000009C   0x1A40             SUBS     R0,R0,R1
   \   0000009E   0xE7CD             B.N      ??CCD_Normalization_4
    119            }
    120            CCD_Draw_Buff[130] = BYTE0(Max_Value);
   \                     ??CCD_Normalization_6: (+1)
   \   000000A0   0x....             LDR.N    R0,??DataTable3_5
   \   000000A2   0x7800             LDRB     R0,[R0, #+0]
   \   000000A4   0x....             LDR.N    R1,??DataTable3_12
   \   000000A6   0xF881 0x0082      STRB     R0,[R1, #+130]
    121            CCD_Draw_Buff[131] = BYTE1(Max_Value);  
   \   000000AA   0x....             LDR.N    R0,??DataTable3_5
   \   000000AC   0x7840             LDRB     R0,[R0, #+1]
   \   000000AE   0x....             LDR.N    R1,??DataTable3_12
   \   000000B0   0xF881 0x0083      STRB     R0,[R1, #+131]
    122            
    123          
    124          }
   \   000000B4   0xBD31             POP      {R0,R4,R5,PC}    ;; return

   \                                 In section .text, align 4, keep-with-next
   \                     ??DataTable3:
   \   00000000   0x400FF040         DC32     0x400ff040

   \                                 In section .text, align 4, keep-with-next
   \                     ??DataTable3_1:
   \   00000000   0x........         DC32     gpio_init_struct

   \                                 In section .text, align 4, keep-with-next
   \                     ??DataTable3_2:
   \   00000000   0x4003B000         DC32     0x4003b000

   \                                 In section .text, align 4, keep-with-next
   \                     ??DataTable3_3:
   \   00000000   0x........         DC32     adc_init_struct

   \                                 In section .text, align 4, keep-with-next
   \                     ??DataTable3_4:
   \   00000000   0x........         DC32     CCD_Buff

   \                                 In section .text, align 4, keep-with-next
   \                     ??DataTable3_5:
   \   00000000   0x........         DC32     Max_Value

   \                                 In section .text, align 4, keep-with-next
   \                     ??DataTable3_6:
   \   00000000   0x........         DC32     Right

   \                                 In section .text, align 4, keep-with-next
   \                     ??DataTable3_7:
   \   00000000   0x........         DC32     Left

   \                                 In section .text, align 4, keep-with-next
   \                     ??DataTable3_8:
   \   00000000   0x........         DC32     Leftlastfind

   \                                 In section .text, align 4, keep-with-next
   \                     ??DataTable3_9:
   \   00000000   0x........         DC32     Rightlastfind

   \                                 In section .text, align 4, keep-with-next
   \                     ??DataTable3_10:
   \   00000000   0x........         DC32     CCD_Offset

   \                                 In section .text, align 4, keep-with-next
   \                     ??DataTable3_11:
   \   00000000   0x405FC000         DC32     0x405fc000

   \                                 In section .text, align 4, keep-with-next
   \                     ??DataTable3_12:
   \   00000000   0x........         DC32     CCD_Draw_Buff
    125          

   Maximum stack usage in bytes:

   .cstack Function
   ------- --------
       8   CCD_Capture
         8   -> LPLD_ADC_Get
         8   -> LPLD_GPIO_Output_b
         8   -> delay200ns
      16   CCD_Normalization
        16   -> __aeabi_d2f
        16   -> __aeabi_ddiv
        16   -> __aeabi_f2iz
        16   -> __aeabi_fmul
        16   -> __aeabi_i2d
        16   -> __aeabi_i2f
      24   ccd_ADC_init
         8   -> LPLD_ADC_Chn_Enable
         8   -> LPLD_ADC_Init
        24   -> __aeabi_memcpy4
      24   ccd_GPIO_init
         8   -> LPLD_GPIO_Init
        24   -> __aeabi_memcpy4
       8   ccd_init
         8   -> ccd_ADC_init
         8   -> ccd_GPIO_init
       0   delay200ns


   Section sizes:

   Bytes  Function/Label
   -----  --------------
       4  ??DataTable3
       4  ??DataTable3_1
       4  ??DataTable3_10
       4  ??DataTable3_11
       4  ??DataTable3_12
       4  ??DataTable3_2
       4  ??DataTable3_3
       4  ??DataTable3_4
       4  ??DataTable3_5
       4  ??DataTable3_6
       4  ??DataTable3_7
       4  ??DataTable3_8
       4  ??DataTable3_9
       2  Brightness
     256  CCD_Buff
     268  CCD_Capture
     182  CCD_Normalization
       1  CCD_Offset
       2  Max_Value
      48  ccd_ADC_init
      48  ccd_GPIO_init
      12  ccd_init
      22  delay200ns

 
 260 bytes in section .bss
   1 byte  in section .data
 632 bytes in section .text
 
 632 bytes of CODE memory
 261 bytes of DATA memory

Errors: none
Warnings: none
