###############################################################################
#
# IAR ANSI C/C++ Compiler V7.40.2.8542/W32 for ARM        16/Jul/2016  13:18:55
# Copyright 1999-2015 IAR Systems AB.
#
#    Cpu mode     =  thumb
#    Endian       =  little
#    Source file  =  
#        F:\work\competition\freescale\P_freestyle\MINE\16.5.16\mycar\project\mycar\app\debug.c
#    Command line =  
#        F:\work\competition\freescale\P_freestyle\MINE\16.5.16\mycar\project\mycar\app\debug.c
#        -D LPLD_K60 -D USE_K60DZ10 -lCN
#        F:\work\competition\freescale\P_freestyle\MINE\16.5.16\mycar\project\mycar\iar\RAM\List\
#        -lB
#        F:\work\competition\freescale\P_freestyle\MINE\16.5.16\mycar\project\mycar\iar\RAM\List\
#        -o
#        F:\work\competition\freescale\P_freestyle\MINE\16.5.16\mycar\project\mycar\iar\RAM\Obj\
#        --no_cse --no_unroll --no_inline --no_code_motion --no_tbaa
#        --no_clustering --no_scheduling --debug --endian=little
#        --cpu=Cortex-M4 -e --fpu=None --dlib_config
#        E:\IAR\anzhuang\arm\INC\c\DLib_Config_Normal.h -I
#        F:\work\competition\freescale\P_freestyle\MINE\16.5.16\mycar\project\mycar\iar\..\app\
#        -I
#        F:\work\competition\freescale\P_freestyle\MINE\16.5.16\mycar\project\mycar\iar\..\..\..\lib\CPU\
#        -I
#        F:\work\competition\freescale\P_freestyle\MINE\16.5.16\mycar\project\mycar\iar\..\..\..\lib\common\
#        -I
#        F:\work\competition\freescale\P_freestyle\MINE\16.5.16\mycar\project\mycar\iar\..\..\..\lib\LPLD\
#        -I
#        F:\work\competition\freescale\P_freestyle\MINE\16.5.16\mycar\project\mycar\iar\..\..\..\lib\LPLD\HW\
#        -I
#        F:\work\competition\freescale\P_freestyle\MINE\16.5.16\mycar\project\mycar\iar\..\..\..\lib\LPLD\DEV\
#        -I
#        F:\work\competition\freescale\P_freestyle\MINE\16.5.16\mycar\project\mycar\iar\..\..\..\lib\LPLD\FUNC\
#        -I
#        F:\work\competition\freescale\P_freestyle\MINE\16.5.16\mycar\project\mycar\iar\..\..\..\lib\uCOS-II\Ports\
#        -I
#        F:\work\competition\freescale\P_freestyle\MINE\16.5.16\mycar\project\mycar\iar\..\..\..\lib\uCOS-II\Source\
#        -I
#        F:\work\competition\freescale\P_freestyle\MINE\16.5.16\mycar\project\mycar\iar\..\..\..\lib\FatFs\
#        -I
#        F:\work\competition\freescale\P_freestyle\MINE\16.5.16\mycar\project\mycar\iar\..\..\..\lib\FatFs\option\
#        -I
#        F:\work\competition\freescale\P_freestyle\MINE\16.5.16\mycar\project\mycar\iar\..\..\..\lib\USB\common\
#        -I
#        F:\work\competition\freescale\P_freestyle\MINE\16.5.16\mycar\project\mycar\iar\..\..\..\lib\USB\driver\
#        -I
#        F:\work\competition\freescale\P_freestyle\MINE\16.5.16\mycar\project\mycar\iar\..\..\..\lib\USB\descriptor\
#        -I
#        F:\work\competition\freescale\P_freestyle\MINE\16.5.16\mycar\project\mycar\iar\..\..\..\lib\USB\class\
#        -Ol -I E:\IAR\anzhuang\arm\CMSIS\Include\ -D ARM_MATH_CM4
#    List file    =  
#        F:\work\competition\freescale\P_freestyle\MINE\16.5.16\mycar\project\mycar\iar\RAM\List\debug.lst
#    Object file  =  
#        F:\work\competition\freescale\P_freestyle\MINE\16.5.16\mycar\project\mycar\iar\RAM\Obj\debug.o
#
###############################################################################

F:\work\competition\freescale\P_freestyle\MINE\16.5.16\mycar\project\mycar\app\debug.c
      1          #include "debug.h"

   \                                 In section .bss, align 4
      2          uint8 CCD_Draw_Buff[150]={0};
   \                     CCD_Draw_Buff:
   \   00000000                      DS8 152

   \                                 In section .bss, align 1
      3          uint8 Page_Index=0,Para_Index=0,Para_Checked=0,Para_Choice=0;
   \                     Page_Index:
   \   00000000                      DS8 1

   \                                 In section .bss, align 1
   \                     Para_Index:
   \   00000000                      DS8 1

   \                                 In section .bss, align 1
   \                     Para_Checked:
   \   00000000                      DS8 1

   \                                 In section .bss, align 1
   \                     Para_Choice:
   \   00000000                      DS8 1

   \                                 In section .data, align 1
      4          uint8 Display_Edge=1;
   \                     Display_Edge:
   \   00000000   0x01               DC8 1

   \                                 In section .data, align 1
      5          uint8 Step_Index=2;
   \                     Step_Index:
   \   00000000   0x02               DC8 2

   \                                 In section .data, align 4
      6          float Step[6]={0.0001,0.001,0.01,0.1,1.0,10.0}; 
   \                     Step:
   \   00000000   0x38D1B717         DC32 38D1B717H, 3A83126FH, 3C23D70AH, 3DCCCCCDH, 3F800000H, 41200000H
   \              0x3A83126F   
   \              0x3C23D70A   
   \              0x3DCCCCCD   
   \              0x3F800000   
   \              0x41200000   

   \                                 In section .bss, align 4
      7          float Voltage=0;
   \                     Voltage:
   \   00000000                      DS8 4

   \                                 In section .data, align 4
      8          char Para_Name[5][12]={"PID_SPEED.P\0",
   \                     Para_Name:
   \   00000000   0x50 0x49          DC8 "PID_SPEED.P"
   \              0x44 0x5F    
   \              0x53 0x50    
   \              0x45 0x45    
   \              0x44 0x2E    
   \              0x50 0x00    
   \   0000000C   0x50 0x49          DC8 "PID_SPEED.I"
   \              0x44 0x5F    
   \              0x53 0x50    
   \              0x45 0x45    
   \              0x44 0x2E    
   \              0x49 0x00    
   \   00000018   0x50 0x49          DC8 "PID_SPEED.D"
   \              0x44 0x5F    
   \              0x53 0x50    
   \              0x45 0x45    
   \              0x44 0x2E    
   \              0x44 0x00    
   \   00000024   0x50 0x49          DC8 "PID_DIREC.P"
   \              0x44 0x5F    
   \              0x44 0x49    
   \              0x52 0x45    
   \              0x43 0x2E    
   \              0x50 0x00    
   \   00000030   0x50 0x49          DC8 "PID_DIREC.I"
   \              0x44 0x5F    
   \              0x44 0x49    
   \              0x52 0x45    
   \              0x43 0x2E    
   \              0x49 0x00    
      9          "PID_SPEED.I\0","PID_SPEED.D\0","PID_DIREC.P\0","PID_DIREC.I\0"};

   \                                 In section .data, align 4
     10          char Para_Name1[5][12]={"PID_DIREC.D\0","Fuzzy_Kp\0","Fuzzy_Kd\0","Correct_Err\0","K_CrossRoad\0"};
   \                     Para_Name1:
   \   00000000   0x50 0x49          DC8 "PID_DIREC.D"
   \              0x44 0x5F    
   \              0x44 0x49    
   \              0x52 0x45    
   \              0x43 0x2E    
   \              0x44 0x00    
   \   0000000C   0x46 0x75          DC8 46H, 75H, 7AH, 7AH, 79H, 5FH, 4BH, 70H
   \              0x7A 0x7A    
   \              0x79 0x5F    
   \              0x4B 0x70    
   \   00000014   0x00 0x00          DC8 0, 0
   \   00000016   0x00 0x00          DC8 0, 0
   \   00000018   0x46 0x75          DC8 46H, 75H, 7AH, 7AH, 79H, 5FH, 4BH, 64H
   \              0x7A 0x7A    
   \              0x79 0x5F    
   \              0x4B 0x64    
   \   00000020   0x00 0x00          DC8 0, 0
   \   00000022   0x00 0x00          DC8 0, 0
   \   00000024   0x43 0x6F          DC8 "Correct_Err"
   \              0x72 0x72    
   \              0x65 0x63    
   \              0x74 0x5F    
   \              0x45 0x72    
   \              0x72 0x00    
   \   00000030   0x4B 0x5F          DC8 "K_CrossRoad"
   \              0x43 0x72    
   \              0x6F 0x73    
   \              0x73 0x52    
   \              0x6F 0x61    
   \              0x64 0x00    

   \                                 In section .data, align 4
     11          char Para_Name2[3][12]={"SetSpeed\0","P_CrossRoad\0","SAVE\0"};
   \                     Para_Name2:
   \   00000000   0x53 0x65          DC8 53H, 65H, 74H, 53H, 70H, 65H, 65H, 64H
   \              0x74 0x53    
   \              0x70 0x65    
   \              0x65 0x64    
   \   00000008   0x00 0x00          DC8 0, 0
   \   0000000A   0x00 0x00          DC8 0, 0
   \   0000000C   0x50 0x5F          DC8 "P_CrossRoad"
   \              0x43 0x72    
   \              0x6F 0x73    
   \              0x73 0x52    
   \              0x6F 0x61    
   \              0x64 0x00    
   \   00000018   0x53 0x41          DC8 53H, 41H, 56H, 45H, 0, 0
   \              0x56 0x45    
   \              0x00 0x00    
   \   0000001E   0x00 0x00          DC8 0, 0, 0, 0, 0, 0
   \              0x00 0x00    
   \              0x00 0x00    
     12          //将PID变量的地址加到指针数组里

   \                                 In section .data, align 4
     13          float *Control_Para0[5]={&PID_Speed.P,&PID_Speed.I,&PID_Speed.D,&PID_Turn.P,&PID_Turn.I};
   \                     Control_Para0:
   \   00000000   0x........         DC32 PID_Speed, PID_Speed + 8H, PID_Speed + 10H, PID_Turn
   \              0x........   
   \              0x........   
   \              0x........   
   \   00000010   0x........         DC32 PID_Turn + 8H

   \                                 In section .data, align 4
     14          float *Control_Para1[5]={&PID_Turn.D,&Fuzzy_Kp,&Fuzzy_Kd,&Correct_Err,&K_CrossRoad};
   \                     Control_Para1:
   \   00000000   0x........         DC32 PID_Turn + 10H, Fuzzy_Kp, Fuzzy_Kd, Correct_Err, K_CrossRoad
   \              0x........   
   \              0x........   
   \              0x........   
   \              0x........   

   \                                 In section .data, align 4
     15          float *Control_Para2[2]={&SetSpeed,&P_CrossRoad};
   \                     Control_Para2:
   \   00000000   0x........         DC32 SetSpeed, P_CrossRoad
   \              0x........   
     16          /********绘制界面********/

   \                                 In section .text, align 2, keep-with-next
     17          void OLED_Draw_UI()
     18          {
   \                     OLED_Draw_UI: (+1)
   \   00000000   0xB510             PUSH     {R4,LR}
     19            uint8 i;
     20            
     21            if(Page_Index!=3)
   \   00000002   0x.... 0x....      LDR.W    R0,??DataTable2
   \   00000006   0x7800             LDRB     R0,[R0, #+0]
   \   00000008   0x2803             CMP      R0,#+3
   \   0000000A   0xD02A             BEQ.N    ??OLED_Draw_UI_0
     22            {
     23               OLED_P6x8Str(0,0,"Voltage=");                          //显示电池电压
   \   0000000C   0x.... 0x....      LDR.W    R2,??DataTable2_1
   \   00000010   0x2100             MOVS     R1,#+0
   \   00000012   0x2000             MOVS     R0,#+0
   \   00000014   0x.... 0x....      BL       OLED_P6x8Str
     24               OLED_PrintValueF(48, 0,Voltage,3);     
   \   00000018   0x2303             MOVS     R3,#+3
   \   0000001A   0x.... 0x....      LDR.W    R0,??DataTable2_2
   \   0000001E   0x6802             LDR      R2,[R0, #+0]
   \   00000020   0x2100             MOVS     R1,#+0
   \   00000022   0x2030             MOVS     R0,#+48
   \   00000024   0x.... 0x....      BL       OLED_PrintValueF
     25               OLED_P6x8Str(0,1,"Step=");
   \   00000028   0x.... 0x....      LDR.W    R2,??DataTable2_3
   \   0000002C   0x2101             MOVS     R1,#+1
   \   0000002E   0x2000             MOVS     R0,#+0
   \   00000030   0x.... 0x....      BL       OLED_P6x8Str
     26               OLED_PrintValueF(36, 1,Step[Step_Index],5); 
   \   00000034   0x2305             MOVS     R3,#+5
   \   00000036   0x.... 0x....      LDR.W    R0,??DataTable2_4
   \   0000003A   0x.... 0x....      LDR.W    R1,??DataTable2_5
   \   0000003E   0x7809             LDRB     R1,[R1, #+0]
   \   00000040   0xF850 0x2021      LDR      R2,[R0, R1, LSL #+2]
   \   00000044   0x2101             MOVS     R1,#+1
   \   00000046   0x2024             MOVS     R0,#+36
   \   00000048   0x.... 0x....      BL       OLED_PrintValueF
     27               OLED_Set_Pos(122,7);
   \   0000004C   0x2107             MOVS     R1,#+7
   \   0000004E   0x207A             MOVS     R0,#+122
   \   00000050   0x.... 0x....      BL       OLED_Set_Pos
     28               OLED_P6x8Char(Page_Index+48);                         //写出页面序号
   \   00000054   0x.... 0x....      LDR.W    R0,??DataTable2
   \   00000058   0x7800             LDRB     R0,[R0, #+0]
   \   0000005A   0x3030             ADDS     R0,R0,#+48
   \   0000005C   0xB2C0             UXTB     R0,R0            ;; ZeroExt  R0,R0,#+24,#+24
   \   0000005E   0x.... 0x....      BL       OLED_P6x8Char
     29            
     30            }
     31            
     32            
     33            /*************************************************************/
     34            if(Page_Index==0) //第0页 显示PID_Speed PID_Turn
   \                     ??OLED_Draw_UI_0: (+1)
   \   00000062   0x.... 0x....      LDR.W    R0,??DataTable2
   \   00000066   0x7800             LDRB     R0,[R0, #+0]
   \   00000068   0x2800             CMP      R0,#+0
   \   0000006A   0xD161             BNE.N    ??OLED_Draw_UI_1
     35            {
     36              for(i=0;i<5;i++)
   \   0000006C   0x2400             MOVS     R4,#+0
   \   0000006E   0xE00C             B.N      ??OLED_Draw_UI_2
     37              {
     38                if(i==Para_Index && Para_Choice==1 &&  Para_Checked==0 )
     39                {
     40                  reverse=1;
     41                  OLED_P6x8Str(0,i+3,Para_Name[i]);   //将参量名反转显示
     42                  reverse=0;
     43                
     44                
     45                }
     46                else
     47                  OLED_P6x8Str(0,i+3,Para_Name[i]);
     48                
     49                
     50                if(i==(Para_Index) && Para_Checked==1)
     51                {
     52                  reverse=1;
     53                  OLED_PrintValueF(72, i+3,*Control_Para0[i],5);
     54                  reverse=0;
     55                }
     56                else OLED_PrintValueF(72, i+3,*Control_Para0[i],5);
   \                     ??OLED_Draw_UI_3: (+1)
   \   00000070   0x2305             MOVS     R3,#+5
   \   00000072   0x.... 0x....      LDR.W    R0,??DataTable2_6
   \   00000076   0xB2E4             UXTB     R4,R4            ;; ZeroExt  R4,R4,#+24,#+24
   \   00000078   0xF850 0x0024      LDR      R0,[R0, R4, LSL #+2]
   \   0000007C   0x6802             LDR      R2,[R0, #+0]
   \   0000007E   0x1CE1             ADDS     R1,R4,#+3
   \   00000080   0xB2C9             UXTB     R1,R1            ;; ZeroExt  R1,R1,#+24,#+24
   \   00000082   0x2048             MOVS     R0,#+72
   \   00000084   0x.... 0x....      BL       OLED_PrintValueF
   \                     ??OLED_Draw_UI_4: (+1)
   \   00000088   0x1C64             ADDS     R4,R4,#+1
   \                     ??OLED_Draw_UI_2: (+1)
   \   0000008A   0xB2E4             UXTB     R4,R4            ;; ZeroExt  R4,R4,#+24,#+24
   \   0000008C   0x2C05             CMP      R4,#+5
   \   0000008E   0xF280 0x8126      BGE.W    ??OLED_Draw_UI_5
   \   00000092   0x.... 0x....      LDR.W    R0,??DataTable2_7
   \   00000096   0x7800             LDRB     R0,[R0, #+0]
   \   00000098   0xB2E4             UXTB     R4,R4            ;; ZeroExt  R4,R4,#+24,#+24
   \   0000009A   0x4284             CMP      R4,R0
   \   0000009C   0xD11D             BNE.N    ??OLED_Draw_UI_6
   \   0000009E   0x.... 0x....      LDR.W    R0,??DataTable2_8
   \   000000A2   0x7800             LDRB     R0,[R0, #+0]
   \   000000A4   0x2801             CMP      R0,#+1
   \   000000A6   0xD118             BNE.N    ??OLED_Draw_UI_6
   \   000000A8   0x.... 0x....      LDR.W    R0,??DataTable2_9
   \   000000AC   0x7800             LDRB     R0,[R0, #+0]
   \   000000AE   0x2800             CMP      R0,#+0
   \   000000B0   0xD113             BNE.N    ??OLED_Draw_UI_6
   \   000000B2   0x2001             MOVS     R0,#+1
   \   000000B4   0x.... 0x....      LDR.W    R1,??DataTable2_10
   \   000000B8   0x7008             STRB     R0,[R1, #+0]
   \   000000BA   0x.... 0x....      LDR.W    R0,??DataTable2_11
   \   000000BE   0xB2E4             UXTB     R4,R4            ;; ZeroExt  R4,R4,#+24,#+24
   \   000000C0   0x210C             MOVS     R1,#+12
   \   000000C2   0xFB01 0x0204      MLA      R2,R1,R4,R0
   \   000000C6   0x1CE1             ADDS     R1,R4,#+3
   \   000000C8   0xB2C9             UXTB     R1,R1            ;; ZeroExt  R1,R1,#+24,#+24
   \   000000CA   0x2000             MOVS     R0,#+0
   \   000000CC   0x.... 0x....      BL       OLED_P6x8Str
   \   000000D0   0x2000             MOVS     R0,#+0
   \   000000D2   0x.... 0x....      LDR.W    R1,??DataTable2_10
   \   000000D6   0x7008             STRB     R0,[R1, #+0]
   \   000000D8   0xE00A             B.N      ??OLED_Draw_UI_7
   \                     ??OLED_Draw_UI_6: (+1)
   \   000000DA   0x.... 0x....      LDR.W    R0,??DataTable2_11
   \   000000DE   0xB2E4             UXTB     R4,R4            ;; ZeroExt  R4,R4,#+24,#+24
   \   000000E0   0x210C             MOVS     R1,#+12
   \   000000E2   0xFB01 0x0204      MLA      R2,R1,R4,R0
   \   000000E6   0x1CE1             ADDS     R1,R4,#+3
   \   000000E8   0xB2C9             UXTB     R1,R1            ;; ZeroExt  R1,R1,#+24,#+24
   \   000000EA   0x2000             MOVS     R0,#+0
   \   000000EC   0x.... 0x....      BL       OLED_P6x8Str
   \                     ??OLED_Draw_UI_7: (+1)
   \   000000F0   0x.... 0x....      LDR.W    R0,??DataTable2_7
   \   000000F4   0x7800             LDRB     R0,[R0, #+0]
   \   000000F6   0xB2E4             UXTB     R4,R4            ;; ZeroExt  R4,R4,#+24,#+24
   \   000000F8   0x4284             CMP      R4,R0
   \   000000FA   0xD1B9             BNE.N    ??OLED_Draw_UI_3
   \   000000FC   0x.... 0x....      LDR.W    R0,??DataTable2_9
   \   00000100   0x7800             LDRB     R0,[R0, #+0]
   \   00000102   0x2801             CMP      R0,#+1
   \   00000104   0xD1B4             BNE.N    ??OLED_Draw_UI_3
   \   00000106   0x2001             MOVS     R0,#+1
   \   00000108   0x.... 0x....      LDR.W    R1,??DataTable2_10
   \   0000010C   0x7008             STRB     R0,[R1, #+0]
   \   0000010E   0x2305             MOVS     R3,#+5
   \   00000110   0x.... 0x....      LDR.W    R0,??DataTable2_6
   \   00000114   0xB2E4             UXTB     R4,R4            ;; ZeroExt  R4,R4,#+24,#+24
   \   00000116   0xF850 0x0024      LDR      R0,[R0, R4, LSL #+2]
   \   0000011A   0x6802             LDR      R2,[R0, #+0]
   \   0000011C   0x1CE1             ADDS     R1,R4,#+3
   \   0000011E   0xB2C9             UXTB     R1,R1            ;; ZeroExt  R1,R1,#+24,#+24
   \   00000120   0x2048             MOVS     R0,#+72
   \   00000122   0x.... 0x....      BL       OLED_PrintValueF
   \   00000126   0x2000             MOVS     R0,#+0
   \   00000128   0x.... 0x....      LDR.W    R1,??DataTable2_10
   \   0000012C   0x7008             STRB     R0,[R1, #+0]
   \   0000012E   0xE7AB             B.N      ??OLED_Draw_UI_4
     57          
     58              
     59              }
     60            
     61            }
     62            else if(Page_Index==1)  //第1页信息  Delta信息， setspeed ，模糊参数
   \                     ??OLED_Draw_UI_1: (+1)
   \   00000130   0x.... 0x....      LDR.W    R0,??DataTable2
   \   00000134   0x7800             LDRB     R0,[R0, #+0]
   \   00000136   0x2801             CMP      R0,#+1
   \   00000138   0xD161             BNE.N    ??OLED_Draw_UI_8
     63            {
     64              for(i=0;i<5;i++)
   \   0000013A   0x2400             MOVS     R4,#+0
   \   0000013C   0xE00C             B.N      ??OLED_Draw_UI_9
     65              {
     66                if(i==Para_Index && Para_Choice==1 &&  Para_Checked==0 )
     67                {
     68                  reverse=1;
     69                  OLED_P6x8Str(0,i+3,Para_Name1[i]);   //将参量名反转显示
     70                  reverse=0;
     71                
     72                
     73                }
     74                else
     75                  OLED_P6x8Str(0,i+3,Para_Name1[i]);
     76                
     77                
     78                if(i==(Para_Index) && Para_Checked==1)
     79                {
     80                  reverse=1;
     81                  OLED_PrintValueF(72, i+3,*Control_Para1[i],5);
     82                  reverse=0;
     83                }
     84                else OLED_PrintValueF(72, i+3,*Control_Para1[i],5);
   \                     ??OLED_Draw_UI_10: (+1)
   \   0000013E   0x2305             MOVS     R3,#+5
   \   00000140   0x.... 0x....      LDR.W    R0,??DataTable2_12
   \   00000144   0xB2E4             UXTB     R4,R4            ;; ZeroExt  R4,R4,#+24,#+24
   \   00000146   0xF850 0x0024      LDR      R0,[R0, R4, LSL #+2]
   \   0000014A   0x6802             LDR      R2,[R0, #+0]
   \   0000014C   0x1CE1             ADDS     R1,R4,#+3
   \   0000014E   0xB2C9             UXTB     R1,R1            ;; ZeroExt  R1,R1,#+24,#+24
   \   00000150   0x2048             MOVS     R0,#+72
   \   00000152   0x.... 0x....      BL       OLED_PrintValueF
   \                     ??OLED_Draw_UI_11: (+1)
   \   00000156   0x1C64             ADDS     R4,R4,#+1
   \                     ??OLED_Draw_UI_9: (+1)
   \   00000158   0xB2E4             UXTB     R4,R4            ;; ZeroExt  R4,R4,#+24,#+24
   \   0000015A   0x2C05             CMP      R4,#+5
   \   0000015C   0xF280 0x80BF      BGE.W    ??OLED_Draw_UI_5
   \   00000160   0x.... 0x....      LDR.W    R0,??DataTable2_7
   \   00000164   0x7800             LDRB     R0,[R0, #+0]
   \   00000166   0xB2E4             UXTB     R4,R4            ;; ZeroExt  R4,R4,#+24,#+24
   \   00000168   0x4284             CMP      R4,R0
   \   0000016A   0xD11D             BNE.N    ??OLED_Draw_UI_12
   \   0000016C   0x.... 0x....      LDR.W    R0,??DataTable2_8
   \   00000170   0x7800             LDRB     R0,[R0, #+0]
   \   00000172   0x2801             CMP      R0,#+1
   \   00000174   0xD118             BNE.N    ??OLED_Draw_UI_12
   \   00000176   0x.... 0x....      LDR.W    R0,??DataTable2_9
   \   0000017A   0x7800             LDRB     R0,[R0, #+0]
   \   0000017C   0x2800             CMP      R0,#+0
   \   0000017E   0xD113             BNE.N    ??OLED_Draw_UI_12
   \   00000180   0x2001             MOVS     R0,#+1
   \   00000182   0x.... 0x....      LDR.W    R1,??DataTable2_10
   \   00000186   0x7008             STRB     R0,[R1, #+0]
   \   00000188   0x.... 0x....      LDR.W    R0,??DataTable2_13
   \   0000018C   0xB2E4             UXTB     R4,R4            ;; ZeroExt  R4,R4,#+24,#+24
   \   0000018E   0x210C             MOVS     R1,#+12
   \   00000190   0xFB01 0x0204      MLA      R2,R1,R4,R0
   \   00000194   0x1CE1             ADDS     R1,R4,#+3
   \   00000196   0xB2C9             UXTB     R1,R1            ;; ZeroExt  R1,R1,#+24,#+24
   \   00000198   0x2000             MOVS     R0,#+0
   \   0000019A   0x.... 0x....      BL       OLED_P6x8Str
   \   0000019E   0x2000             MOVS     R0,#+0
   \   000001A0   0x.... 0x....      LDR.W    R1,??DataTable2_10
   \   000001A4   0x7008             STRB     R0,[R1, #+0]
   \   000001A6   0xE00A             B.N      ??OLED_Draw_UI_13
   \                     ??OLED_Draw_UI_12: (+1)
   \   000001A8   0x.... 0x....      LDR.W    R0,??DataTable2_13
   \   000001AC   0xB2E4             UXTB     R4,R4            ;; ZeroExt  R4,R4,#+24,#+24
   \   000001AE   0x210C             MOVS     R1,#+12
   \   000001B0   0xFB01 0x0204      MLA      R2,R1,R4,R0
   \   000001B4   0x1CE1             ADDS     R1,R4,#+3
   \   000001B6   0xB2C9             UXTB     R1,R1            ;; ZeroExt  R1,R1,#+24,#+24
   \   000001B8   0x2000             MOVS     R0,#+0
   \   000001BA   0x.... 0x....      BL       OLED_P6x8Str
   \                     ??OLED_Draw_UI_13: (+1)
   \   000001BE   0x.... 0x....      LDR.W    R0,??DataTable2_7
   \   000001C2   0x7800             LDRB     R0,[R0, #+0]
   \   000001C4   0xB2E4             UXTB     R4,R4            ;; ZeroExt  R4,R4,#+24,#+24
   \   000001C6   0x4284             CMP      R4,R0
   \   000001C8   0xD1B9             BNE.N    ??OLED_Draw_UI_10
   \   000001CA   0x.... 0x....      LDR.W    R0,??DataTable2_9
   \   000001CE   0x7800             LDRB     R0,[R0, #+0]
   \   000001D0   0x2801             CMP      R0,#+1
   \   000001D2   0xD1B4             BNE.N    ??OLED_Draw_UI_10
   \   000001D4   0x2001             MOVS     R0,#+1
   \   000001D6   0x.... 0x....      LDR.W    R1,??DataTable2_10
   \   000001DA   0x7008             STRB     R0,[R1, #+0]
   \   000001DC   0x2305             MOVS     R3,#+5
   \   000001DE   0x.... 0x....      LDR.W    R0,??DataTable2_12
   \   000001E2   0xB2E4             UXTB     R4,R4            ;; ZeroExt  R4,R4,#+24,#+24
   \   000001E4   0xF850 0x0024      LDR      R0,[R0, R4, LSL #+2]
   \   000001E8   0x6802             LDR      R2,[R0, #+0]
   \   000001EA   0x1CE1             ADDS     R1,R4,#+3
   \   000001EC   0xB2C9             UXTB     R1,R1            ;; ZeroExt  R1,R1,#+24,#+24
   \   000001EE   0x2048             MOVS     R0,#+72
   \   000001F0   0x.... 0x....      BL       OLED_PrintValueF
   \   000001F4   0x2000             MOVS     R0,#+0
   \   000001F6   0x.... 0x....      LDR.W    R1,??DataTable2_10
   \   000001FA   0x7008             STRB     R0,[R1, #+0]
   \   000001FC   0xE7AB             B.N      ??OLED_Draw_UI_11
     85          
     86              
     87              }
     88              
     89          
     90            }
     91            else if(Page_Index==2)  //第2页显示整形变量 Threshold
   \                     ??OLED_Draw_UI_8: (+1)
   \   000001FE   0x.... 0x....      LDR.W    R0,??DataTable2
   \   00000202   0x7800             LDRB     R0,[R0, #+0]
   \   00000204   0x2802             CMP      R0,#+2
   \   00000206   0xD163             BNE.N    ??OLED_Draw_UI_14
     92            {
     93             for(i=0;i<3;i++)
   \   00000208   0x2400             MOVS     R4,#+0
   \   0000020A   0xE00C             B.N      ??OLED_Draw_UI_15
     94              {
     95                if(i==Para_Index && Para_Choice==1 &&  Para_Checked==0 )
     96                {
     97                  reverse=1;
     98                  OLED_P6x8Str(0,i+3,Para_Name2[i]);   //将参量名反转显示
     99                  reverse=0;
    100                
    101                
    102                }
    103                else
    104                  OLED_P6x8Str(0,i+3,Para_Name2[i]);
    105                
    106                if(i<=1)
    107                {
    108                  if(i==(Para_Index) && Para_Checked==1)
    109                  {
    110                    reverse=1;
    111                    OLED_PrintValueF(72, i+3,*Control_Para2[i],5);
    112          
    113                    reverse=0;
    114                  }
    115                  else OLED_PrintValueF(72, i+3,*Control_Para2[i],5);     
   \                     ??OLED_Draw_UI_16: (+1)
   \   0000020C   0x2305             MOVS     R3,#+5
   \   0000020E   0x.... 0x....      LDR.W    R0,??DataTable2_14
   \   00000212   0xB2E4             UXTB     R4,R4            ;; ZeroExt  R4,R4,#+24,#+24
   \   00000214   0xF850 0x0024      LDR      R0,[R0, R4, LSL #+2]
   \   00000218   0x6802             LDR      R2,[R0, #+0]
   \   0000021A   0x1CE1             ADDS     R1,R4,#+3
   \   0000021C   0xB2C9             UXTB     R1,R1            ;; ZeroExt  R1,R1,#+24,#+24
   \   0000021E   0x2048             MOVS     R0,#+72
   \   00000220   0x.... 0x....      BL       OLED_PrintValueF
   \                     ??OLED_Draw_UI_17: (+1)
   \   00000224   0x1C64             ADDS     R4,R4,#+1
   \                     ??OLED_Draw_UI_15: (+1)
   \   00000226   0xB2E4             UXTB     R4,R4            ;; ZeroExt  R4,R4,#+24,#+24
   \   00000228   0x2C03             CMP      R4,#+3
   \   0000022A   0xDA58             BGE.N    ??OLED_Draw_UI_5
   \   0000022C   0x.... 0x....      LDR.W    R0,??DataTable2_7
   \   00000230   0x7800             LDRB     R0,[R0, #+0]
   \   00000232   0xB2E4             UXTB     R4,R4            ;; ZeroExt  R4,R4,#+24,#+24
   \   00000234   0x4284             CMP      R4,R0
   \   00000236   0xD11D             BNE.N    ??OLED_Draw_UI_18
   \   00000238   0x.... 0x....      LDR.W    R0,??DataTable2_8
   \   0000023C   0x7800             LDRB     R0,[R0, #+0]
   \   0000023E   0x2801             CMP      R0,#+1
   \   00000240   0xD118             BNE.N    ??OLED_Draw_UI_18
   \   00000242   0x.... 0x....      LDR.W    R0,??DataTable2_9
   \   00000246   0x7800             LDRB     R0,[R0, #+0]
   \   00000248   0x2800             CMP      R0,#+0
   \   0000024A   0xD113             BNE.N    ??OLED_Draw_UI_18
   \   0000024C   0x2001             MOVS     R0,#+1
   \   0000024E   0x.... 0x....      LDR.W    R1,??DataTable2_10
   \   00000252   0x7008             STRB     R0,[R1, #+0]
   \   00000254   0x.... 0x....      LDR.W    R0,??DataTable2_15
   \   00000258   0xB2E4             UXTB     R4,R4            ;; ZeroExt  R4,R4,#+24,#+24
   \   0000025A   0x210C             MOVS     R1,#+12
   \   0000025C   0xFB01 0x0204      MLA      R2,R1,R4,R0
   \   00000260   0x1CE1             ADDS     R1,R4,#+3
   \   00000262   0xB2C9             UXTB     R1,R1            ;; ZeroExt  R1,R1,#+24,#+24
   \   00000264   0x2000             MOVS     R0,#+0
   \   00000266   0x.... 0x....      BL       OLED_P6x8Str
   \   0000026A   0x2000             MOVS     R0,#+0
   \   0000026C   0x.... 0x....      LDR.W    R1,??DataTable2_10
   \   00000270   0x7008             STRB     R0,[R1, #+0]
   \   00000272   0xE00A             B.N      ??OLED_Draw_UI_19
   \                     ??OLED_Draw_UI_18: (+1)
   \   00000274   0x.... 0x....      LDR.W    R0,??DataTable2_15
   \   00000278   0xB2E4             UXTB     R4,R4            ;; ZeroExt  R4,R4,#+24,#+24
   \   0000027A   0x210C             MOVS     R1,#+12
   \   0000027C   0xFB01 0x0204      MLA      R2,R1,R4,R0
   \   00000280   0x1CE1             ADDS     R1,R4,#+3
   \   00000282   0xB2C9             UXTB     R1,R1            ;; ZeroExt  R1,R1,#+24,#+24
   \   00000284   0x2000             MOVS     R0,#+0
   \   00000286   0x.... 0x....      BL       OLED_P6x8Str
   \                     ??OLED_Draw_UI_19: (+1)
   \   0000028A   0xB2E4             UXTB     R4,R4            ;; ZeroExt  R4,R4,#+24,#+24
   \   0000028C   0x2C02             CMP      R4,#+2
   \   0000028E   0xDAC9             BGE.N    ??OLED_Draw_UI_17
   \   00000290   0x.... 0x....      LDR.W    R0,??DataTable2_7
   \   00000294   0x7800             LDRB     R0,[R0, #+0]
   \   00000296   0xB2E4             UXTB     R4,R4            ;; ZeroExt  R4,R4,#+24,#+24
   \   00000298   0x4284             CMP      R4,R0
   \   0000029A   0xD1B7             BNE.N    ??OLED_Draw_UI_16
   \   0000029C   0x.... 0x....      LDR.W    R0,??DataTable2_9
   \   000002A0   0x7800             LDRB     R0,[R0, #+0]
   \   000002A2   0x2801             CMP      R0,#+1
   \   000002A4   0xD1B2             BNE.N    ??OLED_Draw_UI_16
   \   000002A6   0x2001             MOVS     R0,#+1
   \   000002A8   0x.... 0x....      LDR.W    R1,??DataTable2_10
   \   000002AC   0x7008             STRB     R0,[R1, #+0]
   \   000002AE   0x2305             MOVS     R3,#+5
   \   000002B0   0x.... 0x....      LDR.W    R0,??DataTable2_14
   \   000002B4   0xB2E4             UXTB     R4,R4            ;; ZeroExt  R4,R4,#+24,#+24
   \   000002B6   0xF850 0x0024      LDR      R0,[R0, R4, LSL #+2]
   \   000002BA   0x6802             LDR      R2,[R0, #+0]
   \   000002BC   0x1CE1             ADDS     R1,R4,#+3
   \   000002BE   0xB2C9             UXTB     R1,R1            ;; ZeroExt  R1,R1,#+24,#+24
   \   000002C0   0x2048             MOVS     R0,#+72
   \   000002C2   0x.... 0x....      BL       OLED_PrintValueF
   \   000002C6   0x2000             MOVS     R0,#+0
   \   000002C8   0x.... 0x....      LDR.W    R1,??DataTable2_10
   \   000002CC   0x7008             STRB     R0,[R1, #+0]
   \   000002CE   0xE7A9             B.N      ??OLED_Draw_UI_17
    116                
    117                
    118                
    119                }
    120          
    121          
    122              
    123              }
    124                
    125            
    126            
    127            
    128            }
    129            else if(Page_Index==3)
   \                     ??OLED_Draw_UI_14: (+1)
   \   000002D0   0x.... 0x....      LDR.W    R0,??DataTable2
   \   000002D4   0x7800             LDRB     R0,[R0, #+0]
   \   000002D6   0x2803             CMP      R0,#+3
   \   000002D8   0xD101             BNE.N    ??OLED_Draw_UI_5
    130            {
    131              Draw_CCD();
   \   000002DA   0x.... 0x....      BL       Draw_CCD
    132            
    133            }
    134          }
   \                     ??OLED_Draw_UI_5: (+1)
   \   000002DE   0xBD10             POP      {R4,PC}          ;; return

   \                                 In section .text, align 2, keep-with-next
    135          void Draw_CCD()
    136          {
   \                     Draw_CCD: (+1)
   \   00000000   0xB5F8             PUSH     {R3-R7,LR}
    137            uint8 i,j,line,dot;
    138            uint8 temp=0;
   \   00000002   0x2000             MOVS     R0,#+0
    139            for(j=0;j<128;j++)
   \   00000004   0x2400             MOVS     R4,#+0
   \   00000006   0xE000             B.N      ??Draw_CCD_0
   \                     ??Draw_CCD_1: (+1)
   \   00000008   0x1C64             ADDS     R4,R4,#+1
   \                     ??Draw_CCD_0: (+1)
   \   0000000A   0xB2E4             UXTB     R4,R4            ;; ZeroExt  R4,R4,#+24,#+24
   \   0000000C   0x2C80             CMP      R4,#+128
   \   0000000E   0xDA70             BGE.N    ??Draw_CCD_2
    140            {  
    141          
    142              temp=32-(uint8)(CCD_Draw_Buff[j]>>2);  //除以4
   \   00000010   0x.... 0x....      LDR.W    R0,??DataTable2_16
   \   00000014   0xB2E4             UXTB     R4,R4            ;; ZeroExt  R4,R4,#+24,#+24
   \   00000016   0x5C20             LDRB     R0,[R4, R0]
   \   00000018   0xB2C0             UXTB     R0,R0            ;; ZeroExt  R0,R0,#+24,#+24
   \   0000001A   0x0880             LSRS     R0,R0,#+2
   \   0000001C   0xF1D0 0x0020      RSBS     R0,R0,#+32
    143              line=temp/8;
   \   00000020   0xB2C0             UXTB     R0,R0            ;; ZeroExt  R0,R0,#+24,#+24
   \   00000022   0x2108             MOVS     R1,#+8
   \   00000024   0xFB90 0xF5F1      SDIV     R5,R0,R1
    144              dot =temp%8; 
   \   00000028   0xB2C0             UXTB     R0,R0            ;; ZeroExt  R0,R0,#+24,#+24
   \   0000002A   0x2108             MOVS     R1,#+8
   \   0000002C   0xFB90 0xF6F1      SDIV     R6,R0,R1
   \   00000030   0xFB06 0x0611      MLS      R6,R6,R1,R0
    145          
    146              for(i=0;i<4;i++)
   \   00000034   0x2700             MOVS     R7,#+0
   \   00000036   0xE004             B.N      ??Draw_CCD_3
    147              {
    148                  OLED_Set_Pos(j,i);
    149                if(Display_Edge&&((CCD_Draw_Buff[128]!=0&& CCD_Draw_Buff[128]==j)||( CCD_Draw_Buff[129]!=128&& CCD_Draw_Buff[129]==j)))
    150                {
    151                 if( CCD_Draw_Buff[128]==j) 
    152                 { 
    153                   if(Leftlastfind)     OLED_WrDat(0xff,0);  
    154                   else                 OLED_WrDat(0xaa,0); 
    155                 }
    156                 else 
    157                 { 
    158                   if(Rightlastfind)  OLED_WrDat(0xff,0);  
    159                   else               OLED_WrDat(0xaa,0);  
    160                 }
    161                       
    162                }
    163                else
    164                { 
    165                 if(i==line)
    166                 OLED_WrDat(1<<dot,0);
    167                 else 
    168                 OLED_WrDat(0,0);
   \                     ??Draw_CCD_4: (+1)
   \   00000038   0x2100             MOVS     R1,#+0
   \   0000003A   0x2000             MOVS     R0,#+0
   \   0000003C   0x.... 0x....      BL       OLED_WrDat
   \                     ??Draw_CCD_5: (+1)
   \   00000040   0x1C7F             ADDS     R7,R7,#+1
   \                     ??Draw_CCD_3: (+1)
   \   00000042   0xB2FF             UXTB     R7,R7            ;; ZeroExt  R7,R7,#+24,#+24
   \   00000044   0x2F04             CMP      R7,#+4
   \   00000046   0xDADF             BGE.N    ??Draw_CCD_1
   \   00000048   0x0039             MOVS     R1,R7
   \   0000004A   0xB2C9             UXTB     R1,R1            ;; ZeroExt  R1,R1,#+24,#+24
   \   0000004C   0x0020             MOVS     R0,R4
   \   0000004E   0xB2C0             UXTB     R0,R0            ;; ZeroExt  R0,R0,#+24,#+24
   \   00000050   0x.... 0x....      BL       OLED_Set_Pos
   \   00000054   0x.... 0x....      LDR.W    R0,??DataTable2_17
   \   00000058   0x7800             LDRB     R0,[R0, #+0]
   \   0000005A   0x2800             CMP      R0,#+0
   \   0000005C   0xD03E             BEQ.N    ??Draw_CCD_6
   \   0000005E   0x.... 0x....      LDR.W    R0,??DataTable2_16
   \   00000062   0xF890 0x0080      LDRB     R0,[R0, #+128]
   \   00000066   0x2800             CMP      R0,#+0
   \   00000068   0xD006             BEQ.N    ??Draw_CCD_7
   \   0000006A   0x.... 0x....      LDR.W    R0,??DataTable2_16
   \   0000006E   0xF890 0x0080      LDRB     R0,[R0, #+128]
   \   00000072   0xB2E4             UXTB     R4,R4            ;; ZeroExt  R4,R4,#+24,#+24
   \   00000074   0x42A0             CMP      R0,R4
   \   00000076   0xD00C             BEQ.N    ??Draw_CCD_8
   \                     ??Draw_CCD_7: (+1)
   \   00000078   0x.... 0x....      LDR.W    R0,??DataTable2_16
   \   0000007C   0xF890 0x0081      LDRB     R0,[R0, #+129]
   \   00000080   0x2880             CMP      R0,#+128
   \   00000082   0xD02B             BEQ.N    ??Draw_CCD_6
   \   00000084   0x.... 0x....      LDR.W    R0,??DataTable2_16
   \   00000088   0xF890 0x0081      LDRB     R0,[R0, #+129]
   \   0000008C   0xB2E4             UXTB     R4,R4            ;; ZeroExt  R4,R4,#+24,#+24
   \   0000008E   0x42A0             CMP      R0,R4
   \   00000090   0xD124             BNE.N    ??Draw_CCD_6
   \                     ??Draw_CCD_8: (+1)
   \   00000092   0x.... 0x....      LDR.W    R0,??DataTable2_16
   \   00000096   0xF890 0x0080      LDRB     R0,[R0, #+128]
   \   0000009A   0xB2E4             UXTB     R4,R4            ;; ZeroExt  R4,R4,#+24,#+24
   \   0000009C   0x42A0             CMP      R0,R4
   \   0000009E   0xD10E             BNE.N    ??Draw_CCD_9
   \   000000A0   0x.... 0x....      LDR.W    R0,??DataTable2_18
   \   000000A4   0x7800             LDRB     R0,[R0, #+0]
   \   000000A6   0x2800             CMP      R0,#+0
   \   000000A8   0xD004             BEQ.N    ??Draw_CCD_10
   \   000000AA   0x2100             MOVS     R1,#+0
   \   000000AC   0x20FF             MOVS     R0,#+255
   \   000000AE   0x.... 0x....      BL       OLED_WrDat
   \   000000B2   0xE7C5             B.N      ??Draw_CCD_5
   \                     ??Draw_CCD_10: (+1)
   \   000000B4   0x2100             MOVS     R1,#+0
   \   000000B6   0x20AA             MOVS     R0,#+170
   \   000000B8   0x.... 0x....      BL       OLED_WrDat
   \   000000BC   0xE7C0             B.N      ??Draw_CCD_5
   \                     ??Draw_CCD_9: (+1)
   \   000000BE   0x.... 0x....      LDR.W    R0,??DataTable2_19
   \   000000C2   0x7800             LDRB     R0,[R0, #+0]
   \   000000C4   0x2800             CMP      R0,#+0
   \   000000C6   0xD004             BEQ.N    ??Draw_CCD_11
   \   000000C8   0x2100             MOVS     R1,#+0
   \   000000CA   0x20FF             MOVS     R0,#+255
   \   000000CC   0x.... 0x....      BL       OLED_WrDat
   \   000000D0   0xE7B6             B.N      ??Draw_CCD_5
   \                     ??Draw_CCD_11: (+1)
   \   000000D2   0x2100             MOVS     R1,#+0
   \   000000D4   0x20AA             MOVS     R0,#+170
   \   000000D6   0x.... 0x....      BL       OLED_WrDat
   \   000000DA   0xE7B1             B.N      ??Draw_CCD_5
   \                     ??Draw_CCD_6: (+1)
   \   000000DC   0xB2FF             UXTB     R7,R7            ;; ZeroExt  R7,R7,#+24,#+24
   \   000000DE   0xB2ED             UXTB     R5,R5            ;; ZeroExt  R5,R5,#+24,#+24
   \   000000E0   0x42AF             CMP      R7,R5
   \   000000E2   0xD1A9             BNE.N    ??Draw_CCD_4
   \   000000E4   0x2100             MOVS     R1,#+0
   \   000000E6   0x2001             MOVS     R0,#+1
   \   000000E8   0x40B0             LSLS     R0,R0,R6
   \   000000EA   0xB2C0             UXTB     R0,R0            ;; ZeroExt  R0,R0,#+24,#+24
   \   000000EC   0x.... 0x....      BL       OLED_WrDat
   \   000000F0   0xE7A6             B.N      ??Draw_CCD_5
    169                }
    170              }
    171            }
    172             OLED_P6x8Str(1,4,"Left=");
   \                     ??Draw_CCD_2: (+1)
   \   000000F2   0x.... 0x....      LDR.W    R2,??DataTable2_20
   \   000000F6   0x2104             MOVS     R1,#+4
   \   000000F8   0x2001             MOVS     R0,#+1
   \   000000FA   0x.... 0x....      BL       OLED_P6x8Str
    173             OLED_PrintValueF(31, 4,Left,3);
   \   000000FE   0x2303             MOVS     R3,#+3
   \   00000100   0x001C             MOVS     R4,R3
   \   00000102   0x.... 0x....      LDR.W    R0,??DataTable2_21
   \   00000106   0x6800             LDR      R0,[R0, #+0]
   \   00000108   0x.... 0x....      BL       __aeabi_i2f
   \   0000010C   0x0002             MOVS     R2,R0
   \   0000010E   0x0023             MOVS     R3,R4
   \   00000110   0x2104             MOVS     R1,#+4
   \   00000112   0x201F             MOVS     R0,#+31
   \   00000114   0x.... 0x....      BL       OLED_PrintValueF
    174             OLED_P6x8Str(64,4,"Right="); 
   \   00000118   0x.... 0x....      LDR.W    R2,??DataTable2_22
   \   0000011C   0x2104             MOVS     R1,#+4
   \   0000011E   0x2040             MOVS     R0,#+64
   \   00000120   0x.... 0x....      BL       OLED_P6x8Str
    175             OLED_PrintValueF(100, 4, Right,3);
   \   00000124   0x2303             MOVS     R3,#+3
   \   00000126   0x001C             MOVS     R4,R3
   \   00000128   0x.... 0x....      LDR.W    R0,??DataTable2_23
   \   0000012C   0x6800             LDR      R0,[R0, #+0]
   \   0000012E   0x.... 0x....      BL       __aeabi_i2f
   \   00000132   0x0002             MOVS     R2,R0
   \   00000134   0x0023             MOVS     R3,R4
   \   00000136   0x2104             MOVS     R1,#+4
   \   00000138   0x2064             MOVS     R0,#+100
   \   0000013A   0x.... 0x....      BL       OLED_PrintValueF
    176             OLED_P6x8Str(0,5,"Middle_Err=");
   \   0000013E   0x.... 0x....      LDR.W    R2,??DataTable2_24
   \   00000142   0x2105             MOVS     R1,#+5
   \   00000144   0x2000             MOVS     R0,#+0
   \   00000146   0x.... 0x....      BL       OLED_P6x8Str
    177             OLED_PrintValueF(72, 5,Middle_Err,3);
   \   0000014A   0x2303             MOVS     R3,#+3
   \   0000014C   0x.... 0x....      LDR.W    R0,??DataTable2_25
   \   00000150   0x6802             LDR      R2,[R0, #+0]
   \   00000152   0x2105             MOVS     R1,#+5
   \   00000154   0x2048             MOVS     R0,#+72
   \   00000156   0x.... 0x....      BL       OLED_PrintValueF
    178             OLED_P6x8Str(0,6,     "Max_Peak  =");
   \   0000015A   0x.... 0x....      LDR.W    R2,??DataTable2_26
   \   0000015E   0x2106             MOVS     R1,#+6
   \   00000160   0x2000             MOVS     R0,#+0
   \   00000162   0x.... 0x....      BL       OLED_P6x8Str
    179             OLED_PrintValueF(72, 6,Max_Peak,3);     
   \   00000166   0x2303             MOVS     R3,#+3
   \   00000168   0x001C             MOVS     R4,R3
   \   0000016A   0x.... 0x....      LDR.W    R0,??DataTable2_27
   \   0000016E   0x6800             LDR      R0,[R0, #+0]
   \   00000170   0x.... 0x....      BL       __aeabi_i2f
   \   00000174   0x0002             MOVS     R2,R0
   \   00000176   0x0023             MOVS     R3,R4
   \   00000178   0x2106             MOVS     R1,#+6
   \   0000017A   0x2048             MOVS     R0,#+72
   \   0000017C   0x.... 0x....      BL       OLED_PrintValueF
    180             OLED_P6x8Str(0,7,  "Max_Value =");
   \   00000180   0x.... 0x....      LDR.W    R2,??DataTable2_28
   \   00000184   0x2107             MOVS     R1,#+7
   \   00000186   0x2000             MOVS     R0,#+0
   \   00000188   0x.... 0x....      BL       OLED_P6x8Str
    181             OLED_PrintValueF(72, 7,Max_Value,4);
   \   0000018C   0x2304             MOVS     R3,#+4
   \   0000018E   0x001C             MOVS     R4,R3
   \   00000190   0x.... 0x....      LDR.W    R0,??DataTable2_29
   \   00000194   0x8800             LDRH     R0,[R0, #+0]
   \   00000196   0x.... 0x....      BL       __aeabi_ui2f
   \   0000019A   0x0002             MOVS     R2,R0
   \   0000019C   0x0023             MOVS     R3,R4
   \   0000019E   0x2107             MOVS     R1,#+7
   \   000001A0   0x2048             MOVS     R0,#+72
   \   000001A2   0x.... 0x....      BL       OLED_PrintValueF
    182             OLED_Set_Pos(122,7);
   \   000001A6   0x2107             MOVS     R1,#+7
   \   000001A8   0x207A             MOVS     R0,#+122
   \   000001AA   0x.... 0x....      BL       OLED_Set_Pos
    183             OLED_P6x8Char('L');      
   \   000001AE   0x204C             MOVS     R0,#+76
   \   000001B0   0x.... 0x....      BL       OLED_P6x8Char
    184                                
    185          }
   \   000001B4   0xBDF1             POP      {R0,R4-R7,PC}    ;; return
    186          
    187          

   \                                 In section .text, align 2, keep-with-next
    188          void If_Button_Press(void)
    189          {
   \                     If_Button_Press: (+1)
   \   00000000   0xB580             PUSH     {R7,LR}
    190          
    191            if(BT6_In==0)  //按键yes
   \   00000002   0x2109             MOVS     R1,#+9
   \   00000004   0x.... 0x....      LDR.W    R0,??DataTable2_30  ;; 0x400ff000
   \   00000008   0x.... 0x....      BL       LPLD_GPIO_Input_b
   \   0000000C   0x2800             CMP      R0,#+0
   \   0000000E   0xD161             BNE.N    ??If_Button_Press_0
    192            {
    193              Delay_2ms();//消除抖动
   \   00000010   0x.... 0x....      BL       Delay_2ms
    194              if(BT6_In==0)
   \   00000014   0x2109             MOVS     R1,#+9
   \   00000016   0x.... 0x....      LDR.W    R0,??DataTable2_30  ;; 0x400ff000
   \   0000001A   0x.... 0x....      BL       LPLD_GPIO_Input_b
   \   0000001E   0x2800             CMP      R0,#+0
   \   00000020   0xD151             BNE.N    ??If_Button_Press_1
    195              {
    196                  if(Page_Index==2)
   \   00000022   0x.... 0x....      LDR.W    R0,??DataTable2
   \   00000026   0x7800             LDRB     R0,[R0, #+0]
   \   00000028   0x2802             CMP      R0,#+2
   \   0000002A   0xD12A             BNE.N    ??If_Button_Press_2
    197                  {
    198                    if(Para_Index<=1)
   \   0000002C   0x.... 0x....      LDR.W    R0,??DataTable2_7
   \   00000030   0x7800             LDRB     R0,[R0, #+0]
   \   00000032   0x2802             CMP      R0,#+2
   \   00000034   0xDA18             BGE.N    ??If_Button_Press_3
    199                    {
    200                      if(Para_Choice==0)  Para_Choice=1;  //  选择参量   
   \   00000036   0x.... 0x....      LDR.W    R0,??DataTable2_8
   \   0000003A   0x7800             LDRB     R0,[R0, #+0]
   \   0000003C   0x2800             CMP      R0,#+0
   \   0000003E   0xD104             BNE.N    ??If_Button_Press_4
   \   00000040   0x2001             MOVS     R0,#+1
   \   00000042   0x.... 0x....      LDR.W    R1,??DataTable2_8
   \   00000046   0x7008             STRB     R0,[R1, #+0]
   \   00000048   0xE03D             B.N      ??If_Button_Press_1
    201                      else
    202                      {
    203                        if(Para_Checked==0) Para_Checked=1;
   \                     ??If_Button_Press_4: (+1)
   \   0000004A   0x.... 0x....      LDR.W    R0,??DataTable2_9
   \   0000004E   0x7800             LDRB     R0,[R0, #+0]
   \   00000050   0x2800             CMP      R0,#+0
   \   00000052   0xD104             BNE.N    ??If_Button_Press_5
   \   00000054   0x2001             MOVS     R0,#+1
   \   00000056   0x.... 0x....      LDR.W    R1,??DataTable2_9
   \   0000005A   0x7008             STRB     R0,[R1, #+0]
   \   0000005C   0xE033             B.N      ??If_Button_Press_1
    204                        else Para_Checked=0;       
   \                     ??If_Button_Press_5: (+1)
   \   0000005E   0x2000             MOVS     R0,#+0
   \   00000060   0x.... 0x....      LDR.W    R1,??DataTable2_9
   \   00000064   0x7008             STRB     R0,[R1, #+0]
   \   00000066   0xE02E             B.N      ??If_Button_Press_1
    205                      }
    206                    
    207                    }
    208                    else if(Para_Index==2)
   \                     ??If_Button_Press_3: (+1)
   \   00000068   0x.... 0x....      LDR.W    R0,??DataTable2_7
   \   0000006C   0x7800             LDRB     R0,[R0, #+0]
   \   0000006E   0x2802             CMP      R0,#+2
   \   00000070   0xD129             BNE.N    ??If_Button_Press_1
    209                    {
    210                        
    211                        
    212                        ////////////////////save e2prom
    213                        DebugData_Save();
   \   00000072   0x.... 0x....      BL       DebugData_Save
    214                        OLED_PrintValueI(72, 5,1);
   \   00000076   0x2201             MOVS     R2,#+1
   \   00000078   0x2105             MOVS     R1,#+5
   \   0000007A   0x2048             MOVS     R0,#+72
   \   0000007C   0x.... 0x....      BL       OLED_PrintValueI
   \   00000080   0xE021             B.N      ??If_Button_Press_1
    215                    
    216                    }
    217                  
    218                  }
    219                  else if(Page_Index<=1)
   \                     ??If_Button_Press_2: (+1)
   \   00000082   0x.... 0x....      LDR.W    R0,??DataTable2
   \   00000086   0x7800             LDRB     R0,[R0, #+0]
   \   00000088   0x2802             CMP      R0,#+2
   \   0000008A   0xDA1C             BGE.N    ??If_Button_Press_1
    220                  {
    221                    if(Para_Index<5)
   \   0000008C   0x.... 0x....      LDR.W    R0,??DataTable2_7
   \   00000090   0x7800             LDRB     R0,[R0, #+0]
   \   00000092   0x2805             CMP      R0,#+5
   \   00000094   0xDA17             BGE.N    ??If_Button_Press_1
    222                    {
    223                      if(Para_Choice==0)  Para_Choice=1;  //  选择参量   
   \   00000096   0x.... 0x....      LDR.W    R0,??DataTable2_8
   \   0000009A   0x7800             LDRB     R0,[R0, #+0]
   \   0000009C   0x2800             CMP      R0,#+0
   \   0000009E   0xD104             BNE.N    ??If_Button_Press_6
   \   000000A0   0x2001             MOVS     R0,#+1
   \   000000A2   0x.... 0x....      LDR.W    R1,??DataTable2_8
   \   000000A6   0x7008             STRB     R0,[R1, #+0]
   \   000000A8   0xE00D             B.N      ??If_Button_Press_1
    224                      else
    225                      {
    226                        if(Para_Checked==0) Para_Checked=1;
   \                     ??If_Button_Press_6: (+1)
   \   000000AA   0x.... 0x....      LDR.W    R0,??DataTable2_9
   \   000000AE   0x7800             LDRB     R0,[R0, #+0]
   \   000000B0   0x2800             CMP      R0,#+0
   \   000000B2   0xD104             BNE.N    ??If_Button_Press_7
   \   000000B4   0x2001             MOVS     R0,#+1
   \   000000B6   0x.... 0x....      LDR.W    R1,??DataTable2_9
   \   000000BA   0x7008             STRB     R0,[R1, #+0]
   \   000000BC   0xE003             B.N      ??If_Button_Press_1
    227                        else Para_Checked=0;       
   \                     ??If_Button_Press_7: (+1)
   \   000000BE   0x2000             MOVS     R0,#+0
   \   000000C0   0x.... 0x....      LDR.W    R1,??DataTable2_9
   \   000000C4   0x7008             STRB     R0,[R1, #+0]
    228                      }
    229                    
    230                    }        
    231                  
    232                  
    233                  }
    234              
    235              }
    236              while(BT6_In==0);
   \                     ??If_Button_Press_1: (+1)
   \   000000C6   0x2109             MOVS     R1,#+9
   \   000000C8   0x.... 0x....      LDR.W    R0,??DataTable2_30  ;; 0x400ff000
   \   000000CC   0x.... 0x....      BL       LPLD_GPIO_Input_b
   \   000000D0   0x2800             CMP      R0,#+0
   \   000000D2   0xD0F8             BEQ.N    ??If_Button_Press_1
    237            
    238            }
    239            //btn_cancel 
    240            if(BT2_In==0)
   \                     ??If_Button_Press_0: (+1)
   \   000000D4   0x210D             MOVS     R1,#+13
   \   000000D6   0x.... 0x....      LDR.W    R0,??DataTable2_30  ;; 0x400ff000
   \   000000DA   0x.... 0x....      BL       LPLD_GPIO_Input_b
   \   000000DE   0x2800             CMP      R0,#+0
   \   000000E0   0xD134             BNE.N    ??If_Button_Press_8
    241            {
    242               Delay_2ms();
   \   000000E2   0x.... 0x....      BL       Delay_2ms
    243               if(BT2_In==0)
   \   000000E6   0x210D             MOVS     R1,#+13
   \   000000E8   0x.... 0x....      LDR.W    R0,??DataTable2_30  ;; 0x400ff000
   \   000000EC   0x.... 0x....      BL       LPLD_GPIO_Input_b
   \   000000F0   0x2800             CMP      R0,#+0
   \   000000F2   0xD124             BNE.N    ??If_Button_Press_9
    244               {
    245                  if(Para_Choice==1) Para_Choice=0;
   \   000000F4   0x.... 0x....      LDR.W    R0,??DataTable2_8
   \   000000F8   0x7800             LDRB     R0,[R0, #+0]
   \   000000FA   0x2801             CMP      R0,#+1
   \   000000FC   0xD103             BNE.N    ??If_Button_Press_10
   \   000000FE   0x2000             MOVS     R0,#+0
   \   00000100   0x.... 0x....      LDR.W    R1,??DataTable2_8
   \   00000104   0x7008             STRB     R0,[R1, #+0]
    246                  if(Para_Checked==1) Para_Checked=0;
   \                     ??If_Button_Press_10: (+1)
   \   00000106   0x.... 0x....      LDR.W    R0,??DataTable2_9
   \   0000010A   0x7800             LDRB     R0,[R0, #+0]
   \   0000010C   0x2801             CMP      R0,#+1
   \   0000010E   0xD103             BNE.N    ??If_Button_Press_11
   \   00000110   0x2000             MOVS     R0,#+0
   \   00000112   0x.... 0x....      LDR.W    R1,??DataTable2_9
   \   00000116   0x7008             STRB     R0,[R1, #+0]
    247                  if(Page_Index==3)
   \                     ??If_Button_Press_11: (+1)
   \   00000118   0x.... 0x....      LDR.W    R0,??DataTable2
   \   0000011C   0x7800             LDRB     R0,[R0, #+0]
   \   0000011E   0x2803             CMP      R0,#+3
   \   00000120   0xD10D             BNE.N    ??If_Button_Press_9
    248                  {
    249                    if(Display_Edge) Display_Edge=0;
   \   00000122   0x.... 0x....      LDR.W    R0,??DataTable2_17
   \   00000126   0x7800             LDRB     R0,[R0, #+0]
   \   00000128   0x2800             CMP      R0,#+0
   \   0000012A   0xD004             BEQ.N    ??If_Button_Press_12
   \   0000012C   0x2000             MOVS     R0,#+0
   \   0000012E   0x.... 0x....      LDR.W    R1,??DataTable2_17
   \   00000132   0x7008             STRB     R0,[R1, #+0]
   \   00000134   0xE003             B.N      ??If_Button_Press_9
    250                    else Display_Edge=1;
   \                     ??If_Button_Press_12: (+1)
   \   00000136   0x2001             MOVS     R0,#+1
   \   00000138   0x.... 0x....      LDR.W    R1,??DataTable2_17
   \   0000013C   0x7008             STRB     R0,[R1, #+0]
    251                  
    252                  }
    253               
    254               }
    255               while(BT2_In==0);
   \                     ??If_Button_Press_9: (+1)
   \   0000013E   0x210D             MOVS     R1,#+13
   \   00000140   0x.... 0x....      LDR.W    R0,??DataTable2_30  ;; 0x400ff000
   \   00000144   0x.... 0x....      BL       LPLD_GPIO_Input_b
   \   00000148   0x2800             CMP      R0,#+0
   \   0000014A   0xD0F8             BEQ.N    ??If_Button_Press_9
    256            
    257            }
    258            
    259            //btn_left
    260            if(BT5_In==0)
   \                     ??If_Button_Press_8: (+1)
   \   0000014C   0x210A             MOVS     R1,#+10
   \   0000014E   0x.... 0x....      LDR.W    R0,??DataTable2_30  ;; 0x400ff000
   \   00000152   0x.... 0x....      BL       LPLD_GPIO_Input_b
   \   00000156   0x2800             CMP      R0,#+0
   \   00000158   0xD13E             BNE.N    ??If_Button_Press_13
    261            {
    262              Delay_2ms();
   \   0000015A   0x.... 0x....      BL       Delay_2ms
    263              if(BT5_In==0)
   \   0000015E   0x210A             MOVS     R1,#+10
   \   00000160   0x.... 0x....      LDR.W    R0,??DataTable2_30  ;; 0x400ff000
   \   00000164   0x.... 0x....      BL       LPLD_GPIO_Input_b
   \   00000168   0x2800             CMP      R0,#+0
   \   0000016A   0xD12E             BNE.N    ??If_Button_Press_14
    264              {
    265                if(Para_Checked)//有参数被选中时，左右键改变步长
   \   0000016C   0x.... 0x....      LDR.W    R0,??DataTable2_9
   \   00000170   0x7800             LDRB     R0,[R0, #+0]
   \   00000172   0x2800             CMP      R0,#+0
   \   00000174   0xD011             BEQ.N    ??If_Button_Press_15
    266                {
    267                  if(Step_Index==0)
   \   00000176   0x.... 0x....      LDR.W    R0,??DataTable2_5
   \   0000017A   0x7800             LDRB     R0,[R0, #+0]
   \   0000017C   0x2800             CMP      R0,#+0
   \   0000017E   0xD104             BNE.N    ??If_Button_Press_16
    268                  {
    269                    Step_Index=0;
   \   00000180   0x2000             MOVS     R0,#+0
   \   00000182   0x.... 0x....      LDR.W    R1,??DataTable2_5
   \   00000186   0x7008             STRB     R0,[R1, #+0]
   \   00000188   0xE01F             B.N      ??If_Button_Press_14
    270                   
    271                  }
    272                  else Step_Index--;
   \                     ??If_Button_Press_16: (+1)
   \   0000018A   0x.... 0x....      LDR.W    R0,??DataTable2_5
   \   0000018E   0x7800             LDRB     R0,[R0, #+0]
   \   00000190   0x1E40             SUBS     R0,R0,#+1
   \   00000192   0x.... 0x....      LDR.W    R1,??DataTable2_5
   \   00000196   0x7008             STRB     R0,[R1, #+0]
   \   00000198   0xE017             B.N      ??If_Button_Press_14
    273                
    274                }
    275                else   //没有参数被选中时翻页
    276                {
    277                  Para_Index=0;
   \                     ??If_Button_Press_15: (+1)
   \   0000019A   0x2000             MOVS     R0,#+0
   \   0000019C   0x.... 0x....      LDR.W    R1,??DataTable2_7
   \   000001A0   0x7008             STRB     R0,[R1, #+0]
    278                  if(Page_Index==0) Page_Index=3;
   \   000001A2   0x.... 0x....      LDR.W    R0,??DataTable2
   \   000001A6   0x7800             LDRB     R0,[R0, #+0]
   \   000001A8   0x2800             CMP      R0,#+0
   \   000001AA   0xD104             BNE.N    ??If_Button_Press_17
   \   000001AC   0x2003             MOVS     R0,#+3
   \   000001AE   0x.... 0x....      LDR.W    R1,??DataTable2
   \   000001B2   0x7008             STRB     R0,[R1, #+0]
   \   000001B4   0xE006             B.N      ??If_Button_Press_18
    279                  else Page_Index--;
   \                     ??If_Button_Press_17: (+1)
   \   000001B6   0x.... 0x....      LDR.W    R0,??DataTable2
   \   000001BA   0x7800             LDRB     R0,[R0, #+0]
   \   000001BC   0x1E40             SUBS     R0,R0,#+1
   \   000001BE   0x.... 0x....      LDR.W    R1,??DataTable2
   \   000001C2   0x7008             STRB     R0,[R1, #+0]
    280                  OLED_Fill(0);  //翻页后首先清空界面
   \                     ??If_Button_Press_18: (+1)
   \   000001C4   0x2000             MOVS     R0,#+0
   \   000001C6   0x.... 0x....      BL       OLED_Fill
    281                
    282                }
    283              
    284              }
    285              while(BT5_In==0);
   \                     ??If_Button_Press_14: (+1)
   \   000001CA   0x210A             MOVS     R1,#+10
   \   000001CC   0x.... 0x....      LDR.W    R0,??DataTable2_30  ;; 0x400ff000
   \   000001D0   0x.... 0x....      BL       LPLD_GPIO_Input_b
   \   000001D4   0x2800             CMP      R0,#+0
   \   000001D6   0xD0F8             BEQ.N    ??If_Button_Press_14
    286            
    287            
    288            
    289            
    290            }
    291            
    292            
    293            //btn_right
    294            if(BT1_In==0)
   \                     ??If_Button_Press_13: (+1)
   \   000001D8   0x210E             MOVS     R1,#+14
   \   000001DA   0x.... 0x....      LDR.W    R0,??DataTable2_30  ;; 0x400ff000
   \   000001DE   0x.... 0x....      BL       LPLD_GPIO_Input_b
   \   000001E2   0x2800             CMP      R0,#+0
   \   000001E4   0xD133             BNE.N    ??If_Button_Press_19
    295            {
    296              Delay_2ms();
   \   000001E6   0x.... 0x....      BL       Delay_2ms
    297              if(BT1_In==0)
   \   000001EA   0x210E             MOVS     R1,#+14
   \   000001EC   0x.... 0x....      LDR.W    R0,??DataTable2_30  ;; 0x400ff000
   \   000001F0   0x.... 0x....      BL       LPLD_GPIO_Input_b
   \   000001F4   0x2800             CMP      R0,#+0
   \   000001F6   0xD124             BNE.N    ??If_Button_Press_20
    298              {
    299                if(Para_Checked)
   \   000001F8   0x....             LDR.N    R0,??DataTable2_9
   \   000001FA   0x7800             LDRB     R0,[R0, #+0]
   \   000001FC   0x2800             CMP      R0,#+0
   \   000001FE   0xD00D             BEQ.N    ??If_Button_Press_21
    300                {
    301                  if(Step_Index==5)
   \   00000200   0x....             LDR.N    R0,??DataTable2_5
   \   00000202   0x7800             LDRB     R0,[R0, #+0]
   \   00000204   0x2805             CMP      R0,#+5
   \   00000206   0xD103             BNE.N    ??If_Button_Press_22
    302                  {
    303                    Step_Index=5;
   \   00000208   0x2005             MOVS     R0,#+5
   \   0000020A   0x....             LDR.N    R1,??DataTable2_5
   \   0000020C   0x7008             STRB     R0,[R1, #+0]
   \   0000020E   0xE018             B.N      ??If_Button_Press_20
    304                  }
    305                  else Step_Index++;
   \                     ??If_Button_Press_22: (+1)
   \   00000210   0x....             LDR.N    R0,??DataTable2_5
   \   00000212   0x7800             LDRB     R0,[R0, #+0]
   \   00000214   0x1C40             ADDS     R0,R0,#+1
   \   00000216   0x....             LDR.N    R1,??DataTable2_5
   \   00000218   0x7008             STRB     R0,[R1, #+0]
   \   0000021A   0xE012             B.N      ??If_Button_Press_20
    306                
    307                
    308                }
    309                else
    310                {
    311                  Para_Index=0;
   \                     ??If_Button_Press_21: (+1)
   \   0000021C   0x2000             MOVS     R0,#+0
   \   0000021E   0x....             LDR.N    R1,??DataTable2_7
   \   00000220   0x7008             STRB     R0,[R1, #+0]
    312                  if(Page_Index==3) 
   \   00000222   0x....             LDR.N    R0,??DataTable2
   \   00000224   0x7800             LDRB     R0,[R0, #+0]
   \   00000226   0x2803             CMP      R0,#+3
   \   00000228   0xD103             BNE.N    ??If_Button_Press_23
    313                  {Page_Index=0;}
   \   0000022A   0x2000             MOVS     R0,#+0
   \   0000022C   0x....             LDR.N    R1,??DataTable2
   \   0000022E   0x7008             STRB     R0,[R1, #+0]
   \   00000230   0xE004             B.N      ??If_Button_Press_24
    314                  else Page_Index++;
   \                     ??If_Button_Press_23: (+1)
   \   00000232   0x....             LDR.N    R0,??DataTable2
   \   00000234   0x7800             LDRB     R0,[R0, #+0]
   \   00000236   0x1C40             ADDS     R0,R0,#+1
   \   00000238   0x....             LDR.N    R1,??DataTable2
   \   0000023A   0x7008             STRB     R0,[R1, #+0]
    315                  OLED_Fill(0);
   \                     ??If_Button_Press_24: (+1)
   \   0000023C   0x2000             MOVS     R0,#+0
   \   0000023E   0x.... 0x....      BL       OLED_Fill
    316                
    317                }
    318              
    319              
    320              
    321              }
    322              while(BT1_In==0);
   \                     ??If_Button_Press_20: (+1)
   \   00000242   0x210E             MOVS     R1,#+14
   \   00000244   0x....             LDR.N    R0,??DataTable2_30  ;; 0x400ff000
   \   00000246   0x.... 0x....      BL       LPLD_GPIO_Input_b
   \   0000024A   0x2800             CMP      R0,#+0
   \   0000024C   0xD0F9             BEQ.N    ??If_Button_Press_20
    323            
    324            
    325            }
    326            
    327            //btn_up
    328            if(BT4_In==0)
   \                     ??If_Button_Press_19: (+1)
   \   0000024E   0x210B             MOVS     R1,#+11
   \   00000250   0x....             LDR.N    R0,??DataTable2_30  ;; 0x400ff000
   \   00000252   0x.... 0x....      BL       LPLD_GPIO_Input_b
   \   00000256   0x2800             CMP      R0,#+0
   \   00000258   0xF040 0x808E      BNE.W    ??If_Button_Press_25
    329            {
    330              Delay_2ms();
   \   0000025C   0x.... 0x....      BL       Delay_2ms
    331              if(BT4_In==0)
   \   00000260   0x210B             MOVS     R1,#+11
   \   00000262   0x....             LDR.N    R0,??DataTable2_30  ;; 0x400ff000
   \   00000264   0x.... 0x....      BL       LPLD_GPIO_Input_b
   \   00000268   0x2800             CMP      R0,#+0
   \   0000026A   0xF040 0x807F      BNE.W    ??If_Button_Press_26
    332              {
    333                if(Para_Choice==1)
   \   0000026E   0x....             LDR.N    R0,??DataTable2_8
   \   00000270   0x7800             LDRB     R0,[R0, #+0]
   \   00000272   0x2801             CMP      R0,#+1
   \   00000274   0xD17A             BNE.N    ??If_Button_Press_26
    334                {
    335                  if(Page_Index<=1)
   \   00000276   0x....             LDR.N    R0,??DataTable2
   \   00000278   0x7800             LDRB     R0,[R0, #+0]
   \   0000027A   0x2802             CMP      R0,#+2
   \   0000027C   0xDA49             BGE.N    ??If_Button_Press_27
    336                  {
    337                    if(Para_Checked==0)
   \   0000027E   0x....             LDR.N    R0,??DataTable2_9
   \   00000280   0x7800             LDRB     R0,[R0, #+0]
   \   00000282   0x2800             CMP      R0,#+0
   \   00000284   0xD10D             BNE.N    ??If_Button_Press_28
    338                    {
    339                      if(Para_Index==0) Para_Index=4;
   \   00000286   0x....             LDR.N    R0,??DataTable2_7
   \   00000288   0x7800             LDRB     R0,[R0, #+0]
   \   0000028A   0x2800             CMP      R0,#+0
   \   0000028C   0xD103             BNE.N    ??If_Button_Press_29
   \   0000028E   0x2004             MOVS     R0,#+4
   \   00000290   0x....             LDR.N    R1,??DataTable2_7
   \   00000292   0x7008             STRB     R0,[R1, #+0]
   \   00000294   0xE06A             B.N      ??If_Button_Press_26
    340                      else Para_Index--;
   \                     ??If_Button_Press_29: (+1)
   \   00000296   0x....             LDR.N    R0,??DataTable2_7
   \   00000298   0x7800             LDRB     R0,[R0, #+0]
   \   0000029A   0x1E40             SUBS     R0,R0,#+1
   \   0000029C   0x....             LDR.N    R1,??DataTable2_7
   \   0000029E   0x7008             STRB     R0,[R1, #+0]
   \   000002A0   0xE064             B.N      ??If_Button_Press_26
    341                    }
    342                    else 
    343                    {
    344                      if(Page_Index==0 && Para_Index<=4)
   \                     ??If_Button_Press_28: (+1)
   \   000002A2   0x....             LDR.N    R0,??DataTable2
   \   000002A4   0x7800             LDRB     R0,[R0, #+0]
   \   000002A6   0x2800             CMP      R0,#+0
   \   000002A8   0xD117             BNE.N    ??If_Button_Press_30
   \   000002AA   0x....             LDR.N    R0,??DataTable2_7
   \   000002AC   0x7800             LDRB     R0,[R0, #+0]
   \   000002AE   0x2805             CMP      R0,#+5
   \   000002B0   0xDA13             BGE.N    ??If_Button_Press_30
    345                      {
    346                        *Control_Para0[Para_Index]+=Step[Step_Index];
   \   000002B2   0x....             LDR.N    R0,??DataTable2_6
   \   000002B4   0x....             LDR.N    R1,??DataTable2_7
   \   000002B6   0x7809             LDRB     R1,[R1, #+0]
   \   000002B8   0xF850 0x0021      LDR      R0,[R0, R1, LSL #+2]
   \   000002BC   0x6800             LDR      R0,[R0, #+0]
   \   000002BE   0x....             LDR.N    R1,??DataTable2_4
   \   000002C0   0x....             LDR.N    R2,??DataTable2_5
   \   000002C2   0x7812             LDRB     R2,[R2, #+0]
   \   000002C4   0xF851 0x1022      LDR      R1,[R1, R2, LSL #+2]
   \   000002C8   0x.... 0x....      BL       __aeabi_fadd
   \   000002CC   0x....             LDR.N    R1,??DataTable2_6
   \   000002CE   0x....             LDR.N    R2,??DataTable2_7
   \   000002D0   0x7812             LDRB     R2,[R2, #+0]
   \   000002D2   0xF851 0x1022      LDR      R1,[R1, R2, LSL #+2]
   \   000002D6   0x6008             STR      R0,[R1, #+0]
   \   000002D8   0xE048             B.N      ??If_Button_Press_26
    347                      
    348                      }
    349                      else if(Page_Index==1 && Para_Index<=4)
   \                     ??If_Button_Press_30: (+1)
   \   000002DA   0x....             LDR.N    R0,??DataTable2
   \   000002DC   0x7800             LDRB     R0,[R0, #+0]
   \   000002DE   0x2801             CMP      R0,#+1
   \   000002E0   0xD144             BNE.N    ??If_Button_Press_26
   \   000002E2   0x....             LDR.N    R0,??DataTable2_7
   \   000002E4   0x7800             LDRB     R0,[R0, #+0]
   \   000002E6   0x2805             CMP      R0,#+5
   \   000002E8   0xDA40             BGE.N    ??If_Button_Press_26
    350                      {
    351                      
    352                        *Control_Para1[Para_Index]+=Step[Step_Index];
   \   000002EA   0x....             LDR.N    R0,??DataTable2_12
   \   000002EC   0x....             LDR.N    R1,??DataTable2_7
   \   000002EE   0x7809             LDRB     R1,[R1, #+0]
   \   000002F0   0xF850 0x0021      LDR      R0,[R0, R1, LSL #+2]
   \   000002F4   0x6800             LDR      R0,[R0, #+0]
   \   000002F6   0x....             LDR.N    R1,??DataTable2_4
   \   000002F8   0x....             LDR.N    R2,??DataTable2_5
   \   000002FA   0x7812             LDRB     R2,[R2, #+0]
   \   000002FC   0xF851 0x1022      LDR      R1,[R1, R2, LSL #+2]
   \   00000300   0x.... 0x....      BL       __aeabi_fadd
   \   00000304   0x....             LDR.N    R1,??DataTable2_12
   \   00000306   0x....             LDR.N    R2,??DataTable2_7
   \   00000308   0x7812             LDRB     R2,[R2, #+0]
   \   0000030A   0xF851 0x1022      LDR      R1,[R1, R2, LSL #+2]
   \   0000030E   0x6008             STR      R0,[R1, #+0]
   \   00000310   0xE02C             B.N      ??If_Button_Press_26
    353                      
    354                      }
    355                    
    356                    }
    357                  
    358                  
    359                  
    360                  }
    361                  else if(Page_Index==2)
   \                     ??If_Button_Press_27: (+1)
   \   00000312   0x....             LDR.N    R0,??DataTable2
   \   00000314   0x7800             LDRB     R0,[R0, #+0]
   \   00000316   0x2802             CMP      R0,#+2
   \   00000318   0xD128             BNE.N    ??If_Button_Press_26
    362                  {
    363                    if(Para_Checked==0)
   \   0000031A   0x....             LDR.N    R0,??DataTable2_9
   \   0000031C   0x7800             LDRB     R0,[R0, #+0]
   \   0000031E   0x2800             CMP      R0,#+0
   \   00000320   0xD10D             BNE.N    ??If_Button_Press_31
    364                    {
    365                        if(Para_Index==0)  Para_Index=2;
   \   00000322   0x....             LDR.N    R0,??DataTable2_7
   \   00000324   0x7800             LDRB     R0,[R0, #+0]
   \   00000326   0x2800             CMP      R0,#+0
   \   00000328   0xD103             BNE.N    ??If_Button_Press_32
   \   0000032A   0x2002             MOVS     R0,#+2
   \   0000032C   0x....             LDR.N    R1,??DataTable2_7
   \   0000032E   0x7008             STRB     R0,[R1, #+0]
   \   00000330   0xE01C             B.N      ??If_Button_Press_26
    366                        else Para_Index--;
   \                     ??If_Button_Press_32: (+1)
   \   00000332   0x....             LDR.N    R0,??DataTable2_7
   \   00000334   0x7800             LDRB     R0,[R0, #+0]
   \   00000336   0x1E40             SUBS     R0,R0,#+1
   \   00000338   0x....             LDR.N    R1,??DataTable2_7
   \   0000033A   0x7008             STRB     R0,[R1, #+0]
   \   0000033C   0xE016             B.N      ??If_Button_Press_26
    367          
    368                    }
    369                    else
    370                    {
    371                      if(Para_Index<=1)
   \                     ??If_Button_Press_31: (+1)
   \   0000033E   0x....             LDR.N    R0,??DataTable2_7
   \   00000340   0x7800             LDRB     R0,[R0, #+0]
   \   00000342   0x2802             CMP      R0,#+2
   \   00000344   0xDA12             BGE.N    ??If_Button_Press_26
    372                      *Control_Para2[Para_Index]+=Step[Step_Index];
   \   00000346   0x....             LDR.N    R0,??DataTable2_14
   \   00000348   0x....             LDR.N    R1,??DataTable2_7
   \   0000034A   0x7809             LDRB     R1,[R1, #+0]
   \   0000034C   0xF850 0x0021      LDR      R0,[R0, R1, LSL #+2]
   \   00000350   0x6800             LDR      R0,[R0, #+0]
   \   00000352   0x....             LDR.N    R1,??DataTable2_4
   \   00000354   0x....             LDR.N    R2,??DataTable2_5
   \   00000356   0x7812             LDRB     R2,[R2, #+0]
   \   00000358   0xF851 0x1022      LDR      R1,[R1, R2, LSL #+2]
   \   0000035C   0x.... 0x....      BL       __aeabi_fadd
   \   00000360   0x....             LDR.N    R1,??DataTable2_14
   \   00000362   0x....             LDR.N    R2,??DataTable2_7
   \   00000364   0x7812             LDRB     R2,[R2, #+0]
   \   00000366   0xF851 0x1022      LDR      R1,[R1, R2, LSL #+2]
   \   0000036A   0x6008             STR      R0,[R1, #+0]
    373                      
    374                    }
    375          
    376                  }
    377          
    378                }
    379                
    380                
    381                
    382                
    383              }
    384              while(BT4_In==0);
   \                     ??If_Button_Press_26: (+1)
   \   0000036C   0x210B             MOVS     R1,#+11
   \   0000036E   0x....             LDR.N    R0,??DataTable2_30  ;; 0x400ff000
   \   00000370   0x.... 0x....      BL       LPLD_GPIO_Input_b
   \   00000374   0x2800             CMP      R0,#+0
   \   00000376   0xD0F9             BEQ.N    ??If_Button_Press_26
    385            
    386            }
    387            
    388            //btn_down
    389            if(BT3_In==0)
   \                     ??If_Button_Press_25: (+1)
   \   00000378   0x210C             MOVS     R1,#+12
   \   0000037A   0x....             LDR.N    R0,??DataTable2_30  ;; 0x400ff000
   \   0000037C   0x.... 0x....      BL       LPLD_GPIO_Input_b
   \   00000380   0x2800             CMP      R0,#+0
   \   00000382   0xF040 0x808E      BNE.W    ??If_Button_Press_33
    390            {
    391              Delay_2ms();
   \   00000386   0x.... 0x....      BL       Delay_2ms
    392              if(BT3_In==0)
   \   0000038A   0x210C             MOVS     R1,#+12
   \   0000038C   0x....             LDR.N    R0,??DataTable2_30  ;; 0x400ff000
   \   0000038E   0x.... 0x....      BL       LPLD_GPIO_Input_b
   \   00000392   0x2800             CMP      R0,#+0
   \   00000394   0xF040 0x807F      BNE.W    ??If_Button_Press_34
    393              {
    394              if(Para_Choice==1)
   \   00000398   0x....             LDR.N    R0,??DataTable2_8
   \   0000039A   0x7800             LDRB     R0,[R0, #+0]
   \   0000039C   0x2801             CMP      R0,#+1
   \   0000039E   0xD17A             BNE.N    ??If_Button_Press_34
    395                {
    396                  if(Page_Index<=1)
   \   000003A0   0x....             LDR.N    R0,??DataTable2
   \   000003A2   0x7800             LDRB     R0,[R0, #+0]
   \   000003A4   0x2802             CMP      R0,#+2
   \   000003A6   0xDA49             BGE.N    ??If_Button_Press_35
    397                  {
    398                    if(Para_Checked==0)
   \   000003A8   0x....             LDR.N    R0,??DataTable2_9
   \   000003AA   0x7800             LDRB     R0,[R0, #+0]
   \   000003AC   0x2800             CMP      R0,#+0
   \   000003AE   0xD10D             BNE.N    ??If_Button_Press_36
    399                    {
    400                      if(Para_Index==4) Para_Index=0;
   \   000003B0   0x....             LDR.N    R0,??DataTable2_7
   \   000003B2   0x7800             LDRB     R0,[R0, #+0]
   \   000003B4   0x2804             CMP      R0,#+4
   \   000003B6   0xD103             BNE.N    ??If_Button_Press_37
   \   000003B8   0x2000             MOVS     R0,#+0
   \   000003BA   0x....             LDR.N    R1,??DataTable2_7
   \   000003BC   0x7008             STRB     R0,[R1, #+0]
   \   000003BE   0xE06A             B.N      ??If_Button_Press_34
    401                      else Para_Index++;
   \                     ??If_Button_Press_37: (+1)
   \   000003C0   0x....             LDR.N    R0,??DataTable2_7
   \   000003C2   0x7800             LDRB     R0,[R0, #+0]
   \   000003C4   0x1C40             ADDS     R0,R0,#+1
   \   000003C6   0x....             LDR.N    R1,??DataTable2_7
   \   000003C8   0x7008             STRB     R0,[R1, #+0]
   \   000003CA   0xE064             B.N      ??If_Button_Press_34
    402                    }
    403                    else 
    404                    {
    405                      if(Page_Index==0 && Para_Index<=4)
   \                     ??If_Button_Press_36: (+1)
   \   000003CC   0x....             LDR.N    R0,??DataTable2
   \   000003CE   0x7800             LDRB     R0,[R0, #+0]
   \   000003D0   0x2800             CMP      R0,#+0
   \   000003D2   0xD117             BNE.N    ??If_Button_Press_38
   \   000003D4   0x....             LDR.N    R0,??DataTable2_7
   \   000003D6   0x7800             LDRB     R0,[R0, #+0]
   \   000003D8   0x2805             CMP      R0,#+5
   \   000003DA   0xDA13             BGE.N    ??If_Button_Press_38
    406                      {
    407                        *Control_Para0[Para_Index]-=Step[Step_Index];
   \   000003DC   0x....             LDR.N    R0,??DataTable2_6
   \   000003DE   0x....             LDR.N    R1,??DataTable2_7
   \   000003E0   0x7809             LDRB     R1,[R1, #+0]
   \   000003E2   0xF850 0x0021      LDR      R0,[R0, R1, LSL #+2]
   \   000003E6   0x6800             LDR      R0,[R0, #+0]
   \   000003E8   0x....             LDR.N    R1,??DataTable2_4
   \   000003EA   0x....             LDR.N    R2,??DataTable2_5
   \   000003EC   0x7812             LDRB     R2,[R2, #+0]
   \   000003EE   0xF851 0x1022      LDR      R1,[R1, R2, LSL #+2]
   \   000003F2   0x.... 0x....      BL       __aeabi_fsub
   \   000003F6   0x....             LDR.N    R1,??DataTable2_6
   \   000003F8   0x....             LDR.N    R2,??DataTable2_7
   \   000003FA   0x7812             LDRB     R2,[R2, #+0]
   \   000003FC   0xF851 0x1022      LDR      R1,[R1, R2, LSL #+2]
   \   00000400   0x6008             STR      R0,[R1, #+0]
   \   00000402   0xE048             B.N      ??If_Button_Press_34
    408                      
    409                      }
    410                      else if(Page_Index==1 && Para_Index<=4)
   \                     ??If_Button_Press_38: (+1)
   \   00000404   0x....             LDR.N    R0,??DataTable2
   \   00000406   0x7800             LDRB     R0,[R0, #+0]
   \   00000408   0x2801             CMP      R0,#+1
   \   0000040A   0xD144             BNE.N    ??If_Button_Press_34
   \   0000040C   0x....             LDR.N    R0,??DataTable2_7
   \   0000040E   0x7800             LDRB     R0,[R0, #+0]
   \   00000410   0x2805             CMP      R0,#+5
   \   00000412   0xDA40             BGE.N    ??If_Button_Press_34
    411                      {
    412                      
    413                        *Control_Para1[Para_Index]-=Step[Step_Index];
   \   00000414   0x....             LDR.N    R0,??DataTable2_12
   \   00000416   0x....             LDR.N    R1,??DataTable2_7
   \   00000418   0x7809             LDRB     R1,[R1, #+0]
   \   0000041A   0xF850 0x0021      LDR      R0,[R0, R1, LSL #+2]
   \   0000041E   0x6800             LDR      R0,[R0, #+0]
   \   00000420   0x....             LDR.N    R1,??DataTable2_4
   \   00000422   0x....             LDR.N    R2,??DataTable2_5
   \   00000424   0x7812             LDRB     R2,[R2, #+0]
   \   00000426   0xF851 0x1022      LDR      R1,[R1, R2, LSL #+2]
   \   0000042A   0x.... 0x....      BL       __aeabi_fsub
   \   0000042E   0x....             LDR.N    R1,??DataTable2_12
   \   00000430   0x....             LDR.N    R2,??DataTable2_7
   \   00000432   0x7812             LDRB     R2,[R2, #+0]
   \   00000434   0xF851 0x1022      LDR      R1,[R1, R2, LSL #+2]
   \   00000438   0x6008             STR      R0,[R1, #+0]
   \   0000043A   0xE02C             B.N      ??If_Button_Press_34
    414                      
    415                      }
    416                    
    417                    }
    418                  
    419                  
    420                  
    421                  }
    422                  else if(Page_Index==2)
   \                     ??If_Button_Press_35: (+1)
   \   0000043C   0x....             LDR.N    R0,??DataTable2
   \   0000043E   0x7800             LDRB     R0,[R0, #+0]
   \   00000440   0x2802             CMP      R0,#+2
   \   00000442   0xD128             BNE.N    ??If_Button_Press_34
    423                  {
    424                    if(Para_Checked==0)
   \   00000444   0x....             LDR.N    R0,??DataTable2_9
   \   00000446   0x7800             LDRB     R0,[R0, #+0]
   \   00000448   0x2800             CMP      R0,#+0
   \   0000044A   0xD10D             BNE.N    ??If_Button_Press_39
    425                    {
    426                      if(Para_Index==2) Para_Index=0;
   \   0000044C   0x....             LDR.N    R0,??DataTable2_7
   \   0000044E   0x7800             LDRB     R0,[R0, #+0]
   \   00000450   0x2802             CMP      R0,#+2
   \   00000452   0xD103             BNE.N    ??If_Button_Press_40
   \   00000454   0x2000             MOVS     R0,#+0
   \   00000456   0x....             LDR.N    R1,??DataTable2_7
   \   00000458   0x7008             STRB     R0,[R1, #+0]
   \   0000045A   0xE01C             B.N      ??If_Button_Press_34
    427                      else Para_Index++;
   \                     ??If_Button_Press_40: (+1)
   \   0000045C   0x....             LDR.N    R0,??DataTable2_7
   \   0000045E   0x7800             LDRB     R0,[R0, #+0]
   \   00000460   0x1C40             ADDS     R0,R0,#+1
   \   00000462   0x....             LDR.N    R1,??DataTable2_7
   \   00000464   0x7008             STRB     R0,[R1, #+0]
   \   00000466   0xE016             B.N      ??If_Button_Press_34
    428                    }
    429                    else
    430                    {
    431                      if(Para_Index<=1)
   \                     ??If_Button_Press_39: (+1)
   \   00000468   0x....             LDR.N    R0,??DataTable2_7
   \   0000046A   0x7800             LDRB     R0,[R0, #+0]
   \   0000046C   0x2802             CMP      R0,#+2
   \   0000046E   0xDA12             BGE.N    ??If_Button_Press_34
    432                      *Control_Para2[Para_Index]-=Step[Step_Index];
   \   00000470   0x....             LDR.N    R0,??DataTable2_14
   \   00000472   0x....             LDR.N    R1,??DataTable2_7
   \   00000474   0x7809             LDRB     R1,[R1, #+0]
   \   00000476   0xF850 0x0021      LDR      R0,[R0, R1, LSL #+2]
   \   0000047A   0x6800             LDR      R0,[R0, #+0]
   \   0000047C   0x....             LDR.N    R1,??DataTable2_4
   \   0000047E   0x....             LDR.N    R2,??DataTable2_5
   \   00000480   0x7812             LDRB     R2,[R2, #+0]
   \   00000482   0xF851 0x1022      LDR      R1,[R1, R2, LSL #+2]
   \   00000486   0x.... 0x....      BL       __aeabi_fsub
   \   0000048A   0x....             LDR.N    R1,??DataTable2_14
   \   0000048C   0x....             LDR.N    R2,??DataTable2_7
   \   0000048E   0x7812             LDRB     R2,[R2, #+0]
   \   00000490   0xF851 0x1022      LDR      R1,[R1, R2, LSL #+2]
   \   00000494   0x6008             STR      R0,[R1, #+0]
    433                      
    434                    }
    435          
    436                  }
    437          
    438                }
    439                
    440                
    441                
    442                
    443              }
    444            
    445            
    446            
    447            
    448            
    449            while(BT3_In==0);
   \                     ??If_Button_Press_34: (+1)
   \   00000496   0x210C             MOVS     R1,#+12
   \   00000498   0x....             LDR.N    R0,??DataTable2_30  ;; 0x400ff000
   \   0000049A   0x.... 0x....      BL       LPLD_GPIO_Input_b
   \   0000049E   0x2800             CMP      R0,#+0
   \   000004A0   0xD0F9             BEQ.N    ??If_Button_Press_34
    450            }
    451            
    452          
    453          
    454          
    455          
    456          
    457          }
   \                     ??If_Button_Press_33: (+1)
   \   000004A2   0xBD01             POP      {R0,PC}          ;; return
    458          
    459          

   \                                 In section .text, align 2, keep-with-next
    460          void Delay_2ms(void)
    461          {
   \                     Delay_2ms: (+1)
   \   00000000   0xB510             PUSH     {R4,LR}
    462              int i;
    463              for(i=0;i<10;i++)
   \   00000002   0x2400             MOVS     R4,#+0
   \   00000004   0xE002             B.N      ??Delay_2ms_0
    464              {
    465                delay200ns();
   \                     ??Delay_2ms_1: (+1)
   \   00000006   0x.... 0x....      BL       delay200ns
    466              }
   \   0000000A   0x1C64             ADDS     R4,R4,#+1
   \                     ??Delay_2ms_0: (+1)
   \   0000000C   0x2C0A             CMP      R4,#+10
   \   0000000E   0xDBFA             BLT.N    ??Delay_2ms_1
    467          
    468          }
   \   00000010   0xBD10             POP      {R4,PC}          ;; return

   \                                 In section .text, align 4, keep-with-next
   \                     ??DataTable2:
   \   00000000   0x........         DC32     Page_Index

   \                                 In section .text, align 4, keep-with-next
   \                     ??DataTable2_1:
   \   00000000   0x........         DC32     ?_0

   \                                 In section .text, align 4, keep-with-next
   \                     ??DataTable2_2:
   \   00000000   0x........         DC32     Voltage

   \                                 In section .text, align 4, keep-with-next
   \                     ??DataTable2_3:
   \   00000000   0x........         DC32     ?_1

   \                                 In section .text, align 4, keep-with-next
   \                     ??DataTable2_4:
   \   00000000   0x........         DC32     Step

   \                                 In section .text, align 4, keep-with-next
   \                     ??DataTable2_5:
   \   00000000   0x........         DC32     Step_Index

   \                                 In section .text, align 4, keep-with-next
   \                     ??DataTable2_6:
   \   00000000   0x........         DC32     Control_Para0

   \                                 In section .text, align 4, keep-with-next
   \                     ??DataTable2_7:
   \   00000000   0x........         DC32     Para_Index

   \                                 In section .text, align 4, keep-with-next
   \                     ??DataTable2_8:
   \   00000000   0x........         DC32     Para_Choice

   \                                 In section .text, align 4, keep-with-next
   \                     ??DataTable2_9:
   \   00000000   0x........         DC32     Para_Checked

   \                                 In section .text, align 4, keep-with-next
   \                     ??DataTable2_10:
   \   00000000   0x........         DC32     reverse

   \                                 In section .text, align 4, keep-with-next
   \                     ??DataTable2_11:
   \   00000000   0x........         DC32     Para_Name

   \                                 In section .text, align 4, keep-with-next
   \                     ??DataTable2_12:
   \   00000000   0x........         DC32     Control_Para1

   \                                 In section .text, align 4, keep-with-next
   \                     ??DataTable2_13:
   \   00000000   0x........         DC32     Para_Name1

   \                                 In section .text, align 4, keep-with-next
   \                     ??DataTable2_14:
   \   00000000   0x........         DC32     Control_Para2

   \                                 In section .text, align 4, keep-with-next
   \                     ??DataTable2_15:
   \   00000000   0x........         DC32     Para_Name2

   \                                 In section .text, align 4, keep-with-next
   \                     ??DataTable2_16:
   \   00000000   0x........         DC32     CCD_Draw_Buff

   \                                 In section .text, align 4, keep-with-next
   \                     ??DataTable2_17:
   \   00000000   0x........         DC32     Display_Edge

   \                                 In section .text, align 4, keep-with-next
   \                     ??DataTable2_18:
   \   00000000   0x........         DC32     Leftlastfind

   \                                 In section .text, align 4, keep-with-next
   \                     ??DataTable2_19:
   \   00000000   0x........         DC32     Rightlastfind

   \                                 In section .text, align 4, keep-with-next
   \                     ??DataTable2_20:
   \   00000000   0x........         DC32     ?_2

   \                                 In section .text, align 4, keep-with-next
   \                     ??DataTable2_21:
   \   00000000   0x........         DC32     Left

   \                                 In section .text, align 4, keep-with-next
   \                     ??DataTable2_22:
   \   00000000   0x........         DC32     ?_3

   \                                 In section .text, align 4, keep-with-next
   \                     ??DataTable2_23:
   \   00000000   0x........         DC32     Right

   \                                 In section .text, align 4, keep-with-next
   \                     ??DataTable2_24:
   \   00000000   0x........         DC32     ?_4

   \                                 In section .text, align 4, keep-with-next
   \                     ??DataTable2_25:
   \   00000000   0x........         DC32     Middle_Err

   \                                 In section .text, align 4, keep-with-next
   \                     ??DataTable2_26:
   \   00000000   0x........         DC32     ?_5

   \                                 In section .text, align 4, keep-with-next
   \                     ??DataTable2_27:
   \   00000000   0x........         DC32     Max_Peak

   \                                 In section .text, align 4, keep-with-next
   \                     ??DataTable2_28:
   \   00000000   0x........         DC32     ?_6

   \                                 In section .text, align 4, keep-with-next
   \                     ??DataTable2_29:
   \   00000000   0x........         DC32     Max_Value

   \                                 In section .text, align 4, keep-with-next
   \                     ??DataTable2_30:
   \   00000000   0x400FF000         DC32     0x400ff000

   \                                 In section .rodata, align 4
   \                     ?_0:
   \   00000000   0x56 0x6F          DC8 "Voltage="
   \              0x6C 0x74    
   \              0x61 0x67    
   \              0x65 0x3D    
   \              0x00         
   \   00000009   0x00 0x00          DC8 0, 0, 0
   \              0x00         

   \                                 In section .rodata, align 4
   \                     ?_1:
   \   00000000   0x53 0x74          DC8 "Step="
   \              0x65 0x70    
   \              0x3D 0x00    
   \   00000006   0x00 0x00          DC8 0, 0

   \                                 In section .rodata, align 4
   \                     ?_2:
   \   00000000   0x4C 0x65          DC8 "Left="
   \              0x66 0x74    
   \              0x3D 0x00    
   \   00000006   0x00 0x00          DC8 0, 0

   \                                 In section .rodata, align 4
   \                     ?_3:
   \   00000000   0x52 0x69          DC8 "Right="
   \              0x67 0x68    
   \              0x74 0x3D    
   \              0x00         
   \   00000007   0x00               DC8 0

   \                                 In section .rodata, align 4
   \                     ?_4:
   \   00000000   0x4D 0x69          DC8 "Middle_Err="
   \              0x64 0x64    
   \              0x6C 0x65    
   \              0x5F 0x45    
   \              0x72 0x72    
   \              0x3D 0x00    

   \                                 In section .rodata, align 4
   \                     ?_5:
   \   00000000   0x4D 0x61          DC8 "Max_Peak  ="
   \              0x78 0x5F    
   \              0x50 0x65    
   \              0x61 0x6B    
   \              0x20 0x20    
   \              0x3D 0x00    

   \                                 In section .rodata, align 4
   \                     ?_6:
   \   00000000   0x4D 0x61          DC8 "Max_Value ="
   \              0x78 0x5F    
   \              0x56 0x61    
   \              0x6C 0x75    
   \              0x65 0x20    
   \              0x3D 0x00    

   Maximum stack usage in bytes:

   .cstack Function
   ------- --------
       8   Delay_2ms
         8   -> delay200ns
      24   Draw_CCD
        24   -> OLED_P6x8Char
        24   -> OLED_P6x8Str
        24   -> OLED_PrintValueF
        24   -> OLED_Set_Pos
        24   -> OLED_WrDat
        24   -> __aeabi_i2f
        24   -> __aeabi_ui2f
       8   If_Button_Press
         8   -> DebugData_Save
         8   -> Delay_2ms
         8   -> LPLD_GPIO_Input_b
         8   -> OLED_Fill
         8   -> OLED_PrintValueI
         8   -> __aeabi_fadd
         8   -> __aeabi_fsub
       8   OLED_Draw_UI
         8   -> Draw_CCD
         8   -> OLED_P6x8Char
         8   -> OLED_P6x8Str
         8   -> OLED_PrintValueF
         8   -> OLED_Set_Pos


   Section sizes:

   Bytes  Function/Label
   -----  --------------
       4  ??DataTable2
       4  ??DataTable2_1
       4  ??DataTable2_10
       4  ??DataTable2_11
       4  ??DataTable2_12
       4  ??DataTable2_13
       4  ??DataTable2_14
       4  ??DataTable2_15
       4  ??DataTable2_16
       4  ??DataTable2_17
       4  ??DataTable2_18
       4  ??DataTable2_19
       4  ??DataTable2_2
       4  ??DataTable2_20
       4  ??DataTable2_21
       4  ??DataTable2_22
       4  ??DataTable2_23
       4  ??DataTable2_24
       4  ??DataTable2_25
       4  ??DataTable2_26
       4  ??DataTable2_27
       4  ??DataTable2_28
       4  ??DataTable2_29
       4  ??DataTable2_3
       4  ??DataTable2_30
       4  ??DataTable2_4
       4  ??DataTable2_5
       4  ??DataTable2_6
       4  ??DataTable2_7
       4  ??DataTable2_8
       4  ??DataTable2_9
      12  ?_0
       8  ?_1
       8  ?_2
       8  ?_3
      12  ?_4
      12  ?_5
      12  ?_6
     152  CCD_Draw_Buff
      20  Control_Para0
      20  Control_Para1
       8  Control_Para2
      18  Delay_2ms
       1  Display_Edge
     438  Draw_CCD
    1188  If_Button_Press
     736  OLED_Draw_UI
       1  Page_Index
       1  Para_Checked
       1  Para_Choice
       1  Para_Index
      60  Para_Name
      60  Para_Name1
      36  Para_Name2
      24  Step
       1  Step_Index
       4  Voltage

 
   160 bytes in section .bss
   230 bytes in section .data
    72 bytes in section .rodata
 2 504 bytes in section .text
 
 2 504 bytes of CODE  memory
    72 bytes of CONST memory
   390 bytes of DATA  memory

Errors: none
Warnings: none
