###############################################################################
#
# IAR ANSI C/C++ Compiler V7.40.2.8542/W32 for ARM        16/Jul/2016  13:18:55
# Copyright 1999-2015 IAR Systems AB.
#
#    Cpu mode     =  thumb
#    Endian       =  little
#    Source file  =  
#        F:\work\competition\freescale\P_freestyle\MINE\16.5.16\mycar\project\mycar\app\mycar.c
#    Command line =  
#        F:\work\competition\freescale\P_freestyle\MINE\16.5.16\mycar\project\mycar\app\mycar.c
#        -D LPLD_K60 -D USE_K60DZ10 -lCN
#        F:\work\competition\freescale\P_freestyle\MINE\16.5.16\mycar\project\mycar\iar\RAM\List\
#        -lB
#        F:\work\competition\freescale\P_freestyle\MINE\16.5.16\mycar\project\mycar\iar\RAM\List\
#        -o
#        F:\work\competition\freescale\P_freestyle\MINE\16.5.16\mycar\project\mycar\iar\RAM\Obj\
#        --no_cse --no_unroll --no_inline --no_code_motion --no_tbaa
#        --no_clustering --no_scheduling --debug --endian=little
#        --cpu=Cortex-M4 -e --fpu=None --dlib_config
#        E:\IAR\anzhuang\arm\INC\c\DLib_Config_Normal.h -I
#        F:\work\competition\freescale\P_freestyle\MINE\16.5.16\mycar\project\mycar\iar\..\app\
#        -I
#        F:\work\competition\freescale\P_freestyle\MINE\16.5.16\mycar\project\mycar\iar\..\..\..\lib\CPU\
#        -I
#        F:\work\competition\freescale\P_freestyle\MINE\16.5.16\mycar\project\mycar\iar\..\..\..\lib\common\
#        -I
#        F:\work\competition\freescale\P_freestyle\MINE\16.5.16\mycar\project\mycar\iar\..\..\..\lib\LPLD\
#        -I
#        F:\work\competition\freescale\P_freestyle\MINE\16.5.16\mycar\project\mycar\iar\..\..\..\lib\LPLD\HW\
#        -I
#        F:\work\competition\freescale\P_freestyle\MINE\16.5.16\mycar\project\mycar\iar\..\..\..\lib\LPLD\DEV\
#        -I
#        F:\work\competition\freescale\P_freestyle\MINE\16.5.16\mycar\project\mycar\iar\..\..\..\lib\LPLD\FUNC\
#        -I
#        F:\work\competition\freescale\P_freestyle\MINE\16.5.16\mycar\project\mycar\iar\..\..\..\lib\uCOS-II\Ports\
#        -I
#        F:\work\competition\freescale\P_freestyle\MINE\16.5.16\mycar\project\mycar\iar\..\..\..\lib\uCOS-II\Source\
#        -I
#        F:\work\competition\freescale\P_freestyle\MINE\16.5.16\mycar\project\mycar\iar\..\..\..\lib\FatFs\
#        -I
#        F:\work\competition\freescale\P_freestyle\MINE\16.5.16\mycar\project\mycar\iar\..\..\..\lib\FatFs\option\
#        -I
#        F:\work\competition\freescale\P_freestyle\MINE\16.5.16\mycar\project\mycar\iar\..\..\..\lib\USB\common\
#        -I
#        F:\work\competition\freescale\P_freestyle\MINE\16.5.16\mycar\project\mycar\iar\..\..\..\lib\USB\driver\
#        -I
#        F:\work\competition\freescale\P_freestyle\MINE\16.5.16\mycar\project\mycar\iar\..\..\..\lib\USB\descriptor\
#        -I
#        F:\work\competition\freescale\P_freestyle\MINE\16.5.16\mycar\project\mycar\iar\..\..\..\lib\USB\class\
#        -Ol -I E:\IAR\anzhuang\arm\CMSIS\Include\ -D ARM_MATH_CM4
#    List file    =  
#        F:\work\competition\freescale\P_freestyle\MINE\16.5.16\mycar\project\mycar\iar\RAM\List\mycar.lst
#    Object file  =  
#        F:\work\competition\freescale\P_freestyle\MINE\16.5.16\mycar\project\mycar\iar\RAM\Obj\mycar.o
#
###############################################################################

F:\work\competition\freescale\P_freestyle\MINE\16.5.16\mycar\project\mycar\app\mycar.c
      1          /**
      2           * --------------基于"拉普兰德K60底层库V3"的工程（mycar）-----------------
      3           * @file mycar.c
      4           * @version 0.0
      5           * @date 2013-9-29
      6           * @brief 关于该工程的描述
      7           *
      8           * 版权所有:北京拉普兰德电子技术有限公司
      9           * http://www.lpld.cn
     10           * mail:support@lpld.cn
     11           * 硬件平台:  LPLD K60 Card / LPLD K60 Nano
     12           *
     13           * 本工程基于"拉普兰德K60底层库V3"开发，
     14           * 所有开源代码均在"lib"文件夹下，用户不必更改该目录下代码，
     15           * 所有用户工程需保存在"project"文件夹下，以工程名定义文件夹名，
     16           * 底层库使用方法见相关文档。 
     17           *
     18           */
     19          #include "mycar.h"

   \                                 In section .bss, align 4
     20          float SERVO_PI ;
   \                     SERVO_PI:
   \   00000000                      DS8 4
     21          #define ABS(x) ((x>0)?(x):(-x))
     22          #define START 1
     23          #define STOP 0
     24          void pit_isr(void);
     25          void Send_CCD(void);
     26          void Send_Begin();
     27          void Send_Variable();

   \                                 In section .bss, align 2
     28          uint16 u;
   \                     u:
   \   00000000                      DS8 2
     29          
     30          /****
     31          ***舵机方向控制
     32          ****/
     33          

   \                                 In section .text, align 2, keep-with-next
     34          void servo_angle_control( int angle)// 675   
     35          {
   \                     servo_angle_control: (+1)
   \   00000000   0xB580             PUSH     {R7,LR}
     36            uint16 DutyRation = 0;
   \   00000002   0x2200             MOVS     R2,#+0
     37            DutyRation = (uint16)(743 - angle*5.5);
   \   00000004   0x.... 0x....      BL       __aeabi_i2d
   \   00000008   0x2200             MOVS     R2,#+0
   \   0000000A   0x....             LDR.N    R3,??DataTable5  ;; 0x40160000
   \   0000000C   0x.... 0x....      BL       __aeabi_dmul
   \   00000010   0x0002             MOVS     R2,R0
   \   00000012   0x000B             MOVS     R3,R1
   \   00000014   0x2000             MOVS     R0,#+0
   \   00000016   0x....             LDR.N    R1,??DataTable5_1  ;; 0x40873800
   \   00000018   0x.... 0x....      BL       __aeabi_dsub
   \   0000001C   0x.... 0x....      BL       __aeabi_d2iz
   \   00000020   0x0002             MOVS     R2,R0
     38            if(DutyRation>=815) 
   \   00000022   0xB292             UXTH     R2,R2            ;; ZeroExt  R2,R2,#+16,#+16
   \   00000024   0xF240 0x302F      MOVW     R0,#+815
   \   00000028   0x4282             CMP      R2,R0
   \   0000002A   0xDB01             BLT.N    ??servo_angle_control_0
     39            {DutyRation=815;}
   \   0000002C   0xF240 0x322F      MOVW     R2,#+815
     40            if(DutyRation<=675)
   \                     ??servo_angle_control_0: (+1)
   \   00000030   0xB292             UXTH     R2,R2            ;; ZeroExt  R2,R2,#+16,#+16
   \   00000032   0xF5B2 0x7F29      CMP      R2,#+676
   \   00000036   0xDA01             BGE.N    ??servo_angle_control_1
     41            { DutyRation=675;}
   \   00000038   0xF240 0x22A3      MOVW     R2,#+675
     42              
     43            LPLD_FTM_PWM_ChangeDuty(FTM2, FTM_Ch1, DutyRation);  //舵机角度控制
   \                     ??servo_angle_control_1: (+1)
   \   0000003C   0xB292             UXTH     R2,R2            ;; ZeroExt  R2,R2,#+16,#+16
   \   0000003E   0x2101             MOVS     R1,#+1
   \   00000040   0x....             LDR.N    R0,??DataTable5_2  ;; 0x400b8000
   \   00000042   0x.... 0x....      BL       LPLD_FTM_PWM_ChangeDuty
     44          }
   \   00000046   0xBD01             POP      {R0,PC}          ;; return
     45          
     46          

   \                                 In section .bss, align 4
     47          float qd_result=0;
   \                     qd_result:
   \   00000000                      DS8 4

   \                                 In section .bss, align 2
     48          uint16 lptmr_result = 0;
   \                     lptmr_result:
   \   00000000                      DS8 2

   \                                 In section .bss, align 1
     49          uint8 CCD_flag=0;
   \                     CCD_flag:
   \   00000000                      DS8 1

   \                                 In section .bss, align 4
     50          float reserve=0;
   \                     reserve:
   \   00000000                      DS8 4

   \                                 In section .data, align 4
     51          float *Variable[20]={&Delta_P,&Delta_D,&reserve,&Middle_Err,&Delt_error,&reserve,&CarSpeed,&qd1_result,&qd2_result,
   \                     Variable:
   \   00000000   0x........         DC32 Delta_P, Delta_D, reserve, Middle_Err, Delt_error, reserve
   \              0x........   
   \              0x........   
   \              0x........   
   \              0x........   
   \              0x........   
   \   00000018   0x........         DC32 CarSpeed, qd1_result, qd2_result, PID_Speed + 18H, PID_Turn + 18H
   \              0x........   
   \              0x........   
   \              0x........   
   \              0x........   
   \   0000002C   0x........         DC32 reserve, reserve, reserve, Distance, reserve, reserve, reserve
   \              0x........   
   \              0x........   
   \              0x........   
   \              0x........   
   \              0x........   
   \              0x........   
   \   00000048   0x........         DC32 reserve, reserve
   \              0x........   
     52                                &PID_Speed.OUT,&PID_Turn.OUT,&reserve,&reserve,&reserve,&Distance,&reserve,&reserve,&reserve,&reserve,&reserve};
     53          
     54          
     55          
     56          
     57          

   \                                 In section .text, align 2, keep-with-next
     58          void main (void)
     59          {
   \                     main: (+1)
   \   00000000   0xB580             PUSH     {R7,LR}
     60          
     61          
     62            Right_Encoder_Init();
   \   00000002   0x.... 0x....      BL       Right_Encoder_Init
     63            Left_Encoder_Init();
   \   00000006   0x.... 0x....      BL       Left_Encoder_Init
     64            GPIO_Init();
   \   0000000A   0x.... 0x....      BL       GPIO_Init
     65            Motor_Init();
   \   0000000E   0x.... 0x....      BL       Motor_Init
     66            Servo_Init();
   \   00000012   0x.... 0x....      BL       Servo_Init
     67            Voltage_Adc_init();
   \   00000016   0x.... 0x....      BL       Voltage_Adc_init
     68            OLED_Init();
   \   0000001A   0x.... 0x....      BL       OLED_Init
     69            ccd_init();
   \   0000001E   0x.... 0x....      BL       ccd_init
     70            Para_Init();
   \   00000022   0x.... 0x....      BL       Para_Init
     71            
     72            DebugData_Init();
   \   00000026   0x.... 0x....      BL       DebugData_Init
     73            Pit_Init();
   \   0000002A   0x.... 0x....      BL       Pit_Init
     74          
     75           
     76          
     77             
     78          
     79            while(1)
     80            {
     81          
     82                
     83                if(SW_In1==0)
   \                     ??main_0: (+1)
   \   0000002E   0x2105             MOVS     R1,#+5
   \   00000030   0x....             LDR.N    R0,??DataTable5_3  ;; 0x400ff040
   \   00000032   0x.... 0x....      BL       LPLD_GPIO_Input_b
   \   00000036   0x2800             CMP      R0,#+0
   \   00000038   0xD103             BNE.N    ??main_1
     84                {
     85                  If_Button_Press();
   \   0000003A   0x.... 0x....      BL       If_Button_Press
     86                  OLED_Draw_UI();
   \   0000003E   0x.... 0x....      BL       OLED_Draw_UI
     87                
     88               }
     89          
     90                Send_Begin();
   \                     ??main_1: (+1)
   \   00000042   0x.... 0x....      BL       Send_Begin
     91                Send_CCD();
   \   00000046   0x.... 0x....      BL       Send_CCD
     92                Send_Variable();
   \   0000004A   0x.... 0x....      BL       Send_Variable
   \   0000004E   0xE7EE             B.N      ??main_0
     93          
     94            } 
     95          
     96          }
     97          
     98          
     99          
    100          
    101          
    102          /*
    103           * PIT中断函数
    104           */

   \                                 In section .text, align 2, keep-with-next
    105          void pit_isr(void)
    106          {
   \                     pit_isr: (+1)
   \   00000000   0xB580             PUSH     {R7,LR}
    107            static uint8 part=0;
    108            
    109            
    110            part+=1;
   \   00000002   0x....             LDR.N    R0,??DataTable5_4
   \   00000004   0x7800             LDRB     R0,[R0, #+0]
   \   00000006   0x1C40             ADDS     R0,R0,#+1
   \   00000008   0x....             LDR.N    R1,??DataTable5_4
   \   0000000A   0x7008             STRB     R0,[R1, #+0]
    111            SpeedCount+=1;
   \   0000000C   0x....             LDR.N    R0,??DataTable5_5
   \   0000000E   0x6800             LDR      R0,[R0, #+0]
   \   00000010   0x1C40             ADDS     R0,R0,#+1
   \   00000012   0x....             LDR.N    R1,??DataTable5_5
   \   00000014   0x6008             STR      R0,[R1, #+0]
    112            DirectionCount+=1;
   \   00000016   0x....             LDR.N    R0,??DataTable5_6
   \   00000018   0x6800             LDR      R0,[R0, #+0]
   \   0000001A   0x1C40             ADDS     R0,R0,#+1
   \   0000001C   0x....             LDR.N    R1,??DataTable5_6
   \   0000001E   0x6008             STR      R0,[R1, #+0]
    113            
    114            switch(part)
   \   00000020   0x....             LDR.N    R0,??DataTable5_4
   \   00000022   0x7800             LDRB     R0,[R0, #+0]
   \   00000024   0x2801             CMP      R0,#+1
   \   00000026   0xD007             BEQ.N    ??pit_isr_0
   \   00000028   0xD332             BCC.N    ??pit_isr_1
   \   0000002A   0x2803             CMP      R0,#+3
   \   0000002C   0xD021             BEQ.N    ??pit_isr_2
   \   0000002E   0xD31D             BCC.N    ??pit_isr_3
   \   00000030   0x2805             CMP      R0,#+5
   \   00000032   0xD029             BEQ.N    ??pit_isr_4
   \   00000034   0xD320             BCC.N    ??pit_isr_5
   \   00000036   0xE02B             B.N      ??pit_isr_1
    115            {
    116              case 1:
    117                Get_Speed();
   \                     ??pit_isr_0: (+1)
   \   00000038   0x.... 0x....      BL       Get_Speed
    118                
    119                if(SpeedCount>=10) 
   \   0000003C   0x....             LDR.N    R0,??DataTable5_5
   \   0000003E   0x6800             LDR      R0,[R0, #+0]
   \   00000040   0x280A             CMP      R0,#+10
   \   00000042   0xDB04             BLT.N    ??pit_isr_6
    120                {
    121                 
    122                  Speed_Control();
   \   00000044   0x.... 0x....      BL       Speed_Control
    123                  SpeedCount=0;
   \   00000048   0x2000             MOVS     R0,#+0
   \   0000004A   0x....             LDR.N    R1,??DataTable5_5
   \   0000004C   0x6008             STR      R0,[R1, #+0]
    124                }
    125                
    126                u=LPLD_ADC_Get(ADC1,AD14);
   \                     ??pit_isr_6: (+1)
   \   0000004E   0x210E             MOVS     R1,#+14
   \   00000050   0x....             LDR.N    R0,??DataTable5_7  ;; 0x400bb000
   \   00000052   0x.... 0x....      BL       LPLD_ADC_Get
   \   00000056   0x....             LDR.N    R1,??DataTable5_8
   \   00000058   0x8008             STRH     R0,[R1, #+0]
    127                Voltage=LPLD_ADC_Get(ADC1,AD14);
   \   0000005A   0x210E             MOVS     R1,#+14
   \   0000005C   0x....             LDR.N    R0,??DataTable5_7  ;; 0x400bb000
   \   0000005E   0x.... 0x....      BL       LPLD_ADC_Get
   \   00000062   0x.... 0x....      BL       __aeabi_ui2f
   \   00000066   0x....             LDR.N    R1,??DataTable5_9
   \   00000068   0x6008             STR      R0,[R1, #+0]
    128                break;
   \   0000006A   0xE011             B.N      ??pit_isr_7
    129                
    130             
    131              case 2: 
    132                //CCD采集
    133                CCD_Capture();
   \                     ??pit_isr_3: (+1)
   \   0000006C   0x.... 0x....      BL       CCD_Capture
    134          
    135                break;
   \   00000070   0xE00E             B.N      ??pit_isr_7
    136              case 3:
    137                CCD_Normalization();//归一化程序
   \                     ??pit_isr_2: (+1)
   \   00000072   0x.... 0x....      BL       CCD_Normalization
    138                
    139                break;
   \   00000076   0xE00B             B.N      ??pit_isr_7
    140              case 4://道路识别
    141                RoadType_Distinguish();
   \                     ??pit_isr_5: (+1)
   \   00000078   0x.... 0x....      BL       RoadType_Distinguish
    142                Direction_Control();
   \   0000007C   0x.... 0x....      BL       Direction_Control
    143                DirectionCount=0;
   \   00000080   0x2000             MOVS     R0,#+0
   \   00000082   0x....             LDR.N    R1,??DataTable5_6
   \   00000084   0x6008             STR      R0,[R1, #+0]
    144          
    145                break;
   \   00000086   0xE003             B.N      ??pit_isr_7
    146              case 5:
    147          
    148                part=0;
   \                     ??pit_isr_4: (+1)
   \   00000088   0x2000             MOVS     R0,#+0
   \   0000008A   0x....             LDR.N    R1,??DataTable5_4
   \   0000008C   0x7008             STRB     R0,[R1, #+0]
    149                break;
   \   0000008E   0xE7FF             B.N      ??pit_isr_7
    150                
    151              default:
    152                break;
    153              
    154            
    155            
    156            }
    157            Speed_Control_Output();//每ms更新速度输出量
   \                     ??pit_isr_1: (+1)
   \                     ??pit_isr_7: (+1)
   \   00000090   0x.... 0x....      BL       Speed_Control_Output
    158            Direction_Control_Output();//每ms更新方向输出量
   \   00000094   0x.... 0x....      BL       Direction_Control_Output
    159            Motor_Output();
   \   00000098   0x.... 0x....      BL       Motor_Output
    160          
    161            servo_angle_control(0-PID_Turn.OUT);
   \   0000009C   0x....             LDR.N    R0,??DataTable5_10
   \   0000009E   0x6980             LDR      R0,[R0, #+24]
   \   000000A0   0xF090 0x4000      EORS     R0,R0,#0x80000000
   \   000000A4   0x.... 0x....      BL       __aeabi_f2iz
   \   000000A8   0x.... 0x....      BL       servo_angle_control
    162           
    163            
    164          
    165            
    166            
    167          }
   \   000000AC   0xBD01             POP      {R0,PC}          ;; return

   \                                 In section .bss, align 1
   \                     ??part:
   \   00000000                      DS8 1
    168          
    169          
    170          

   \                                 In section .text, align 2, keep-with-next
    171          void Send_CCD(void) 
    172          {
   \                     Send_CCD: (+1)
   \   00000000   0xB538             PUSH     {R3-R5,LR}
    173            uint8 i,num=136;
   \   00000002   0x2588             MOVS     R5,#+136
    174            
    175             //通过串口发送一个字节的数据，下同
    176            LPLD_UART_PutChar(UART4,0x55);
   \   00000004   0x2155             MOVS     R1,#+85
   \   00000006   0x....             LDR.N    R0,??DataTable5_11  ;; 0x400ea000
   \   00000008   0x.... 0x....      BL       LPLD_UART_PutChar
    177          
    178            LPLD_UART_PutChar(UART4,0xaa);
   \   0000000C   0xF07F 0x0155      MVNS     R1,#+85
   \   00000010   0x....             LDR.N    R0,??DataTable5_11  ;; 0x400ea000
   \   00000012   0x.... 0x....      BL       LPLD_UART_PutChar
    179          
    180            LPLD_UART_PutChar(UART4,0xaf);
   \   00000016   0xF07F 0x0150      MVNS     R1,#+80
   \   0000001A   0x....             LDR.N    R0,??DataTable5_11  ;; 0x400ea000
   \   0000001C   0x.... 0x....      BL       LPLD_UART_PutChar
    181          
    182            LPLD_UART_PutChar(UART4,num);
   \   00000020   0x0029             MOVS     R1,R5
   \   00000022   0xB249             SXTB     R1,R1            ;; SignExt  R1,R1,#+24,#+24
   \   00000024   0x....             LDR.N    R0,??DataTable5_11  ;; 0x400ea000
   \   00000026   0x.... 0x....      BL       LPLD_UART_PutChar
    183            for(i=0;i<num;i++)              //CCD
   \   0000002A   0x2400             MOVS     R4,#+0
   \   0000002C   0xE007             B.N      ??Send_CCD_0
    184            {
    185             
    186             LPLD_UART_PutChar(UART4,CCD_Draw_Buff[i]);
   \                     ??Send_CCD_1: (+1)
   \   0000002E   0x....             LDR.N    R0,??DataTable5_12
   \   00000030   0xB2E4             UXTB     R4,R4            ;; ZeroExt  R4,R4,#+24,#+24
   \   00000032   0x5621             LDRSB    R1,[R4, R0]
   \   00000034   0xB249             SXTB     R1,R1            ;; SignExt  R1,R1,#+24,#+24
   \   00000036   0x....             LDR.N    R0,??DataTable5_11  ;; 0x400ea000
   \   00000038   0x.... 0x....      BL       LPLD_UART_PutChar
    187            }
   \   0000003C   0x1C64             ADDS     R4,R4,#+1
   \                     ??Send_CCD_0: (+1)
   \   0000003E   0xB2E4             UXTB     R4,R4            ;; ZeroExt  R4,R4,#+24,#+24
   \   00000040   0xB2ED             UXTB     R5,R5            ;; ZeroExt  R5,R5,#+24,#+24
   \   00000042   0x42AC             CMP      R4,R5
   \   00000044   0xD3F3             BCC.N    ??Send_CCD_1
    188            //帧尾，必须发送
    189            LPLD_UART_PutChar(UART4,0x0f);
   \   00000046   0x210F             MOVS     R1,#+15
   \   00000048   0x....             LDR.N    R0,??DataTable5_11  ;; 0x400ea000
   \   0000004A   0x.... 0x....      BL       LPLD_UART_PutChar
    190          }
   \   0000004E   0xBD31             POP      {R0,R4,R5,PC}    ;; return
    191          

   \                                 In section .text, align 2, keep-with-next
    192          void Send_Begin()
    193          {
   \                     Send_Begin: (+1)
   \   00000000   0xB580             PUSH     {R7,LR}
    194            LPLD_UART_PutChar(UART4,0x55);
   \   00000002   0x2155             MOVS     R1,#+85
   \   00000004   0x....             LDR.N    R0,??DataTable5_11  ;; 0x400ea000
   \   00000006   0x.... 0x....      BL       LPLD_UART_PutChar
    195            LPLD_UART_PutChar(UART4,0xaa);
   \   0000000A   0xF07F 0x0155      MVNS     R1,#+85
   \   0000000E   0x....             LDR.N    R0,??DataTable5_11  ;; 0x400ea000
   \   00000010   0x.... 0x....      BL       LPLD_UART_PutChar
    196            LPLD_UART_PutChar(UART4,0xae);
   \   00000014   0xF07F 0x0151      MVNS     R1,#+81
   \   00000018   0x....             LDR.N    R0,??DataTable5_11  ;; 0x400ea000
   \   0000001A   0x.... 0x....      BL       LPLD_UART_PutChar
    197          
    198          
    199          }
   \   0000001E   0xBD01             POP      {R0,PC}          ;; return
    200          
    201          

   \                                 In section .text, align 2, keep-with-next
    202          void Send_Variable()     //发送实时数据
    203          {
   \                     Send_Variable: (+1)
   \   00000000   0xB538             PUSH     {R3-R5,LR}
    204            uint8 i=0,ch=0;
   \   00000002   0x2400             MOVS     R4,#+0
   \   00000004   0x2100             MOVS     R1,#+0
    205            float temp=0;
   \   00000006   0x2000             MOVS     R0,#+0
   \   00000008   0x9000             STR      R0,[SP, #+0]
    206            uint8 Variable_num=16;
   \   0000000A   0x2510             MOVS     R5,#+16
    207          
    208            
    209            LPLD_UART_PutChar(UART4,0x55);
   \   0000000C   0x2155             MOVS     R1,#+85
   \   0000000E   0x....             LDR.N    R0,??DataTable5_11  ;; 0x400ea000
   \   00000010   0x.... 0x....      BL       LPLD_UART_PutChar
    210            LPLD_UART_PutChar(UART4,0xaa);
   \   00000014   0xF07F 0x0155      MVNS     R1,#+85
   \   00000018   0x....             LDR.N    R0,??DataTable5_11  ;; 0x400ea000
   \   0000001A   0x.... 0x....      BL       LPLD_UART_PutChar
    211            LPLD_UART_PutChar(UART4,0xad);
   \   0000001E   0xF07F 0x0152      MVNS     R1,#+82
   \   00000022   0x....             LDR.N    R0,??DataTable5_11  ;; 0x400ea000
   \   00000024   0x.... 0x....      BL       LPLD_UART_PutChar
    212            LPLD_UART_PutChar(UART4,Variable_num);
   \   00000028   0x0029             MOVS     R1,R5
   \   0000002A   0xB249             SXTB     R1,R1            ;; SignExt  R1,R1,#+24,#+24
   \   0000002C   0x....             LDR.N    R0,??DataTable5_11  ;; 0x400ea000
   \   0000002E   0x.... 0x....      BL       LPLD_UART_PutChar
    213           for(i=0;i<Variable_num;i++)
   \   00000032   0x2400             MOVS     R4,#+0
   \   00000034   0xE01E             B.N      ??Send_Variable_0
    214            {
    215              temp=*Variable[i];
   \                     ??Send_Variable_1: (+1)
   \   00000036   0x....             LDR.N    R0,??DataTable5_13
   \   00000038   0xB2E4             UXTB     R4,R4            ;; ZeroExt  R4,R4,#+24,#+24
   \   0000003A   0xF850 0x0024      LDR      R0,[R0, R4, LSL #+2]
   \   0000003E   0x6800             LDR      R0,[R0, #+0]
   \   00000040   0x9000             STR      R0,[SP, #+0]
    216              ch=BYTE0(temp);
   \   00000042   0xF89D 0x1000      LDRB     R1,[SP, #+0]
    217          
    218               LPLD_UART_PutChar(UART4,ch);     
   \   00000046   0xB249             SXTB     R1,R1            ;; SignExt  R1,R1,#+24,#+24
   \   00000048   0x....             LDR.N    R0,??DataTable5_11  ;; 0x400ea000
   \   0000004A   0x.... 0x....      BL       LPLD_UART_PutChar
    219              ch=BYTE1(temp);
   \   0000004E   0xF89D 0x1001      LDRB     R1,[SP, #+1]
    220          
    221               LPLD_UART_PutChar(UART4,ch);  
   \   00000052   0xB249             SXTB     R1,R1            ;; SignExt  R1,R1,#+24,#+24
   \   00000054   0x....             LDR.N    R0,??DataTable5_11  ;; 0x400ea000
   \   00000056   0x.... 0x....      BL       LPLD_UART_PutChar
    222              ch=BYTE2(temp);
   \   0000005A   0xF89D 0x1002      LDRB     R1,[SP, #+2]
    223          
    224               LPLD_UART_PutChar(UART4,ch);  
   \   0000005E   0xB249             SXTB     R1,R1            ;; SignExt  R1,R1,#+24,#+24
   \   00000060   0x....             LDR.N    R0,??DataTable5_11  ;; 0x400ea000
   \   00000062   0x.... 0x....      BL       LPLD_UART_PutChar
    225              ch=BYTE3(temp);
   \   00000066   0xF89D 0x1003      LDRB     R1,[SP, #+3]
    226          
    227               LPLD_UART_PutChar(UART4,ch);  
   \   0000006A   0xB249             SXTB     R1,R1            ;; SignExt  R1,R1,#+24,#+24
   \   0000006C   0x....             LDR.N    R0,??DataTable5_11  ;; 0x400ea000
   \   0000006E   0x.... 0x....      BL       LPLD_UART_PutChar
    228            }
   \   00000072   0x1C64             ADDS     R4,R4,#+1
   \                     ??Send_Variable_0: (+1)
   \   00000074   0xB2E4             UXTB     R4,R4            ;; ZeroExt  R4,R4,#+24,#+24
   \   00000076   0xB2ED             UXTB     R5,R5            ;; ZeroExt  R5,R5,#+24,#+24
   \   00000078   0x42AC             CMP      R4,R5
   \   0000007A   0xD3DC             BCC.N    ??Send_Variable_1
    229          
    230              LPLD_UART_PutChar(UART4,0x0d);  
   \   0000007C   0x210D             MOVS     R1,#+13
   \   0000007E   0x....             LDR.N    R0,??DataTable5_11  ;; 0x400ea000
   \   00000080   0x.... 0x....      BL       LPLD_UART_PutChar
    231          } 
   \   00000084   0xBD31             POP      {R0,R4,R5,PC}    ;; return

   \                                 In section .text, align 4, keep-with-next
   \                     ??DataTable5:
   \   00000000   0x40160000         DC32     0x40160000

   \                                 In section .text, align 4, keep-with-next
   \                     ??DataTable5_1:
   \   00000000   0x40873800         DC32     0x40873800

   \                                 In section .text, align 4, keep-with-next
   \                     ??DataTable5_2:
   \   00000000   0x400B8000         DC32     0x400b8000

   \                                 In section .text, align 4, keep-with-next
   \                     ??DataTable5_3:
   \   00000000   0x400FF040         DC32     0x400ff040

   \                                 In section .text, align 4, keep-with-next
   \                     ??DataTable5_4:
   \   00000000   0x........         DC32     ??part

   \                                 In section .text, align 4, keep-with-next
   \                     ??DataTable5_5:
   \   00000000   0x........         DC32     SpeedCount

   \                                 In section .text, align 4, keep-with-next
   \                     ??DataTable5_6:
   \   00000000   0x........         DC32     DirectionCount

   \                                 In section .text, align 4, keep-with-next
   \                     ??DataTable5_7:
   \   00000000   0x400BB000         DC32     0x400bb000

   \                                 In section .text, align 4, keep-with-next
   \                     ??DataTable5_8:
   \   00000000   0x........         DC32     u

   \                                 In section .text, align 4, keep-with-next
   \                     ??DataTable5_9:
   \   00000000   0x........         DC32     Voltage

   \                                 In section .text, align 4, keep-with-next
   \                     ??DataTable5_10:
   \   00000000   0x........         DC32     PID_Turn

   \                                 In section .text, align 4, keep-with-next
   \                     ??DataTable5_11:
   \   00000000   0x400EA000         DC32     0x400ea000

   \                                 In section .text, align 4, keep-with-next
   \                     ??DataTable5_12:
   \   00000000   0x........         DC32     CCD_Draw_Buff

   \                                 In section .text, align 4, keep-with-next
   \                     ??DataTable5_13:
   \   00000000   0x........         DC32     Variable

   Maximum stack usage in bytes:

   .cstack Function
   ------- --------
       8   Send_Begin
         8   -> LPLD_UART_PutChar
      16   Send_CCD
        16   -> LPLD_UART_PutChar
      16   Send_Variable
        16   -> LPLD_UART_PutChar
       8   main
         8   -> DebugData_Init
         8   -> GPIO_Init
         8   -> If_Button_Press
         8   -> LPLD_GPIO_Input_b
         8   -> Left_Encoder_Init
         8   -> Motor_Init
         8   -> OLED_Draw_UI
         8   -> OLED_Init
         8   -> Para_Init
         8   -> Pit_Init
         8   -> Right_Encoder_Init
         8   -> Send_Begin
         8   -> Send_CCD
         8   -> Send_Variable
         8   -> Servo_Init
         8   -> Voltage_Adc_init
         8   -> ccd_init
       8   pit_isr
         8   -> CCD_Capture
         8   -> CCD_Normalization
         8   -> Direction_Control
         8   -> Direction_Control_Output
         8   -> Get_Speed
         8   -> LPLD_ADC_Get
         8   -> Motor_Output
         8   -> RoadType_Distinguish
         8   -> Speed_Control
         8   -> Speed_Control_Output
         8   -> __aeabi_f2iz
         8   -> __aeabi_ui2f
         8   -> servo_angle_control
       8   servo_angle_control
         8   -> LPLD_FTM_PWM_ChangeDuty
         8   -> __aeabi_d2iz
         8   -> __aeabi_dmul
         8   -> __aeabi_dsub
         8   -> __aeabi_i2d


   Section sizes:

   Bytes  Function/Label
   -----  --------------
       4  ??DataTable5
       4  ??DataTable5_1
       4  ??DataTable5_10
       4  ??DataTable5_11
       4  ??DataTable5_12
       4  ??DataTable5_13
       4  ??DataTable5_2
       4  ??DataTable5_3
       4  ??DataTable5_4
       4  ??DataTable5_5
       4  ??DataTable5_6
       4  ??DataTable5_7
       4  ??DataTable5_8
       4  ??DataTable5_9
       1  CCD_flag
       4  SERVO_PI
      32  Send_Begin
      80  Send_CCD
     134  Send_Variable
      80  Variable
       2  lptmr_result
      80  main
       1  part
     174  pit_isr
       4  qd_result
       4  reserve
      72  servo_angle_control
       2  u

 
  18 bytes in section .bss
  80 bytes in section .data
 628 bytes in section .text
 
 628 bytes of CODE memory
  98 bytes of DATA memory

Errors: none
Warnings: 1
