###############################################################################
#
# IAR ANSI C/C++ Compiler V7.40.2.8542/W32 for ARM        13/Apr/2017  22:11:33
# Copyright 1999-2015 IAR Systems AB.
#
#    Cpu mode     =  thumb
#    Endian       =  little
#    Source file  =  
#        C:\Users\Chron\Desktop\智能车\私家车_葛峰\代码\mycar\project\mycar\app\ccd.c
#    Command line =  
#        C:\Users\Chron\Desktop\智能车\私家车_葛峰\代码\mycar\project\mycar\app\ccd.c
#        -D LPLD_K60 -D USE_K60DZ10 -lCN
#        C:\Users\Chron\Desktop\智能车\私家车_葛峰\代码\mycar\project\mycar\iar\FLASH\List\
#        -lB
#        C:\Users\Chron\Desktop\智能车\私家车_葛峰\代码\mycar\project\mycar\iar\FLASH\List\
#        -o
#        C:\Users\Chron\Desktop\智能车\私家车_葛峰\代码\mycar\project\mycar\iar\FLASH\Obj\
#        --no_cse --no_unroll --no_inline --no_code_motion --no_tbaa
#        --no_clustering --no_scheduling --debug --endian=little
#        --cpu=Cortex-M4 -e --fpu=None --dlib_config "E:\Program Files
#        (x86)\IAR Systems\Embedded Workbench
#        7.2\arm\INC\c\DLib_Config_Normal.h" -I
#        C:\Users\Chron\Desktop\智能车\私家车_葛峰\代码\mycar\project\mycar\iar\..\app\
#        -I
#        C:\Users\Chron\Desktop\智能车\私家车_葛峰\代码\mycar\project\mycar\iar\..\..\..\lib\CPU\
#        -I
#        C:\Users\Chron\Desktop\智能车\私家车_葛峰\代码\mycar\project\mycar\iar\..\..\..\lib\common\
#        -I
#        C:\Users\Chron\Desktop\智能车\私家车_葛峰\代码\mycar\project\mycar\iar\..\..\..\lib\LPLD\
#        -I
#        C:\Users\Chron\Desktop\智能车\私家车_葛峰\代码\mycar\project\mycar\iar\..\..\..\lib\LPLD\HW\
#        -I
#        C:\Users\Chron\Desktop\智能车\私家车_葛峰\代码\mycar\project\mycar\iar\..\..\..\lib\LPLD\DEV\
#        -I
#        C:\Users\Chron\Desktop\智能车\私家车_葛峰\代码\mycar\project\mycar\iar\..\..\..\lib\LPLD\FUNC\
#        -I
#        C:\Users\Chron\Desktop\智能车\私家车_葛峰\代码\mycar\project\mycar\iar\..\..\..\lib\uCOS-II\Ports\
#        -I
#        C:\Users\Chron\Desktop\智能车\私家车_葛峰\代码\mycar\project\mycar\iar\..\..\..\lib\uCOS-II\Source\
#        -I
#        C:\Users\Chron\Desktop\智能车\私家车_葛峰\代码\mycar\project\mycar\iar\..\..\..\lib\FatFs\
#        -I
#        C:\Users\Chron\Desktop\智能车\私家车_葛峰\代码\mycar\project\mycar\iar\..\..\..\lib\FatFs\option\
#        -I
#        C:\Users\Chron\Desktop\智能车\私家车_葛峰\代码\mycar\project\mycar\iar\..\..\..\lib\USB\common\
#        -I
#        C:\Users\Chron\Desktop\智能车\私家车_葛峰\代码\mycar\project\mycar\iar\..\..\..\lib\USB\driver\
#        -I
#        C:\Users\Chron\Desktop\智能车\私家车_葛峰\代码\mycar\project\mycar\iar\..\..\..\lib\USB\descriptor\
#        -I
#        C:\Users\Chron\Desktop\智能车\私家车_葛峰\代码\mycar\project\mycar\iar\..\..\..\lib\USB\class\
#        -Ol -I "E:\Program Files (x86)\IAR Systems\Embedded Workbench
#        7.2\arm\CMSIS\Include\" -D ARM_MATH_CM4
#    List file    =  
#        C:\Users\Chron\Desktop\智能车\私家车_葛峰\代码\mycar\project\mycar\iar\FLASH\List\ccd.lst
#    Object file  =  
#        C:\Users\Chron\Desktop\智能车\私家车_葛峰\代码\mycar\project\mycar\iar\FLASH\Obj\ccd.o
#
###############################################################################

C:\Users\Chron\Desktop\智能车\私家车_葛峰\代码\mycar\project\mycar\app\ccd.c
      1          #include "include.h"

   \                                 In section .bss, align 4
      2          uint16 CCD_Buff[128]={0};
   \                     CCD_Buff:
   \   00000000                      DS8 256

   \                                 In section .bss, align 1
      3          uint8  CCD_Offset;           //暗电压
   \                     CCD_Offset:
   \   00000000                      DS8 1

   \                                 In section .bss, align 2
      4          uint16 Max_Value=0,Brightness;
   \                     Max_Value:
   \   00000000                      DS8 2

   \                                 In section .bss, align 2
   \                     Brightness:
   \   00000000                      DS8 2
      5          

   \                                 In section .text, align 4, keep-with-next
      6          void  delay200ns()
      7          {
      8              asm("nop");asm("nop");asm("nop");asm("nop");asm("nop");//共25个 一个asm("nop")是8ns;
   \                     delay200ns: (+1)
   \   00000000   0xBF00             nop
   \   00000002   0xBF00             nop
   \   00000004   0xBF00             nop
   \   00000006   0xBF00             nop
   \   00000008   0xBF00             nop
      9              asm("nop");asm("nop");asm("nop");asm("nop");asm("nop");
   \   0000000A   0xBF00             nop
   \   0000000C   0xBF00             nop
   \   0000000E   0xBF00             nop
   \   00000010   0xBF00             nop
   \   00000012   0xBF00             nop
     10          }
   \   00000014   0x4770             BX       LR               ;; return

   \                                 In section .text, align 2, keep-with-next
     11          void CCD_Exposure()    //曝光 下一次图像捕获时刻与该函数执行的时刻与差值为曝光时间
     12          {
   \                     CCD_Exposure: (+1)
   \   00000000   0xB510             PUSH     {R4,LR}
     13              SI_SetVal();        
   \   00000002   0x2201             MOVS     R2,#+1
   \   00000004   0x2111             MOVS     R1,#+17
   \   00000006   0x....             LDR.N    R0,??DataTable2  ;; 0x400ff040
   \   00000008   0x.... 0x....      BL       LPLD_GPIO_Output_b
     14              delay200ns();
   \   0000000C   0x.... 0x....      BL       delay200ns
     15              CLK_SetVal(); 
   \   00000010   0x2201             MOVS     R2,#+1
   \   00000012   0x2110             MOVS     R1,#+16
   \   00000014   0x....             LDR.N    R0,??DataTable2  ;; 0x400ff040
   \   00000016   0x.... 0x....      BL       LPLD_GPIO_Output_b
     16              delay200ns();
   \   0000001A   0x.... 0x....      BL       delay200ns
     17              SI_ClrVal();    
   \   0000001E   0x2200             MOVS     R2,#+0
   \   00000020   0x2111             MOVS     R1,#+17
   \   00000022   0x....             LDR.N    R0,??DataTable2  ;; 0x400ff040
   \   00000024   0x.... 0x....      BL       LPLD_GPIO_Output_b
     18              delay200ns();
   \   00000028   0x.... 0x....      BL       delay200ns
     19              CLK_ClrVal();    
   \   0000002C   0x2200             MOVS     R2,#+0
   \   0000002E   0x2110             MOVS     R1,#+16
   \   00000030   0x....             LDR.N    R0,??DataTable2  ;; 0x400ff040
   \   00000032   0x.... 0x....      BL       LPLD_GPIO_Output_b
     20              for(uint8 i=0; i<129; i++)
   \   00000036   0x2400             MOVS     R4,#+0
   \   00000038   0xE00E             B.N      ??CCD_Exposure_0
     21              {
     22                  delay200ns();
   \                     ??CCD_Exposure_1: (+1)
   \   0000003A   0x.... 0x....      BL       delay200ns
     23                  CLK_SetVal(); 
   \   0000003E   0x2201             MOVS     R2,#+1
   \   00000040   0x2110             MOVS     R1,#+16
   \   00000042   0x....             LDR.N    R0,??DataTable2  ;; 0x400ff040
   \   00000044   0x.... 0x....      BL       LPLD_GPIO_Output_b
     24                  delay200ns();
   \   00000048   0x.... 0x....      BL       delay200ns
     25                  CLK_ClrVal(); 
   \   0000004C   0x2200             MOVS     R2,#+0
   \   0000004E   0x2110             MOVS     R1,#+16
   \   00000050   0x....             LDR.N    R0,??DataTable2  ;; 0x400ff040
   \   00000052   0x.... 0x....      BL       LPLD_GPIO_Output_b
     26              } 
   \   00000056   0x1C64             ADDS     R4,R4,#+1
   \                     ??CCD_Exposure_0: (+1)
   \   00000058   0xB2E4             UXTB     R4,R4            ;; ZeroExt  R4,R4,#+24,#+24
   \   0000005A   0x2C81             CMP      R4,#+129
   \   0000005C   0xDBED             BLT.N    ??CCD_Exposure_1
     27          }
   \   0000005E   0xBD10             POP      {R4,PC}          ;; return

   \                                 In section .text, align 2, keep-with-next
     28          void CCD_Capture()
     29          {
   \                     CCD_Capture: (+1)
   \   00000000   0xB510             PUSH     {R4,LR}
     30            uint8  i=0; 
   \   00000002   0x2400             MOVS     R4,#+0
     31            SI_SetVal();
   \   00000004   0x2201             MOVS     R2,#+1
   \   00000006   0x2111             MOVS     R1,#+17
   \   00000008   0x....             LDR.N    R0,??DataTable2  ;; 0x400ff040
   \   0000000A   0x.... 0x....      BL       LPLD_GPIO_Output_b
     32            delay200ns();
   \   0000000E   0x.... 0x....      BL       delay200ns
     33            CLK_SetVal();  
   \   00000012   0x2201             MOVS     R2,#+1
   \   00000014   0x2110             MOVS     R1,#+16
   \   00000016   0x....             LDR.N    R0,??DataTable2  ;; 0x400ff040
   \   00000018   0x.... 0x....      BL       LPLD_GPIO_Output_b
     34            delay200ns();
   \   0000001C   0x.... 0x....      BL       delay200ns
     35            SI_ClrVal();
   \   00000020   0x2200             MOVS     R2,#+0
   \   00000022   0x2111             MOVS     R1,#+17
   \   00000024   0x....             LDR.N    R0,??DataTable2  ;; 0x400ff040
   \   00000026   0x.... 0x....      BL       LPLD_GPIO_Output_b
     36            delay200ns();
   \   0000002A   0x.... 0x....      BL       delay200ns
     37            //采集第一个点
     38            CCD_Buff[0]=LPLD_ADC_Get(ADC1, AD15);
   \   0000002E   0x210F             MOVS     R1,#+15
   \   00000030   0x....             LDR.N    R0,??DataTable2_1  ;; 0x400bb000
   \   00000032   0x.... 0x....      BL       LPLD_ADC_Get
   \   00000036   0x....             LDR.N    R1,??DataTable2_2
   \   00000038   0x8008             STRH     R0,[R1, #+0]
     39            Max_Value=CCD_Buff[0];
   \   0000003A   0x....             LDR.N    R0,??DataTable2_2
   \   0000003C   0x8800             LDRH     R0,[R0, #+0]
   \   0000003E   0x....             LDR.N    R1,??DataTable2_3
   \   00000040   0x8008             STRH     R0,[R1, #+0]
     40            CLK_ClrVal();
   \   00000042   0x2200             MOVS     R2,#+0
   \   00000044   0x2110             MOVS     R1,#+16
   \   00000046   0x....             LDR.N    R0,??DataTable2  ;; 0x400ff040
   \   00000048   0x.... 0x....      BL       LPLD_GPIO_Output_b
     41            //采集第2~128个点
     42            for(i=1; i<128; i++)
   \   0000004C   0x2401             MOVS     R4,#+1
   \   0000004E   0xE013             B.N      ??CCD_Capture_0
     43            {
     44                    delay200ns();
     45                    CLK_SetVal(); 
     46                    delay200ns();
     47                    CCD_Buff[i]=LPLD_ADC_Get(ADC1,AD15);
     48            
     49                  if((Right-Left>20)&&Leftlastfind&&Rightlastfind)             //上次左右边线都找了那么应该在左右5个点搜索最高亮度，把其他亮度抑制掉
     50                 {
     51                   if((i>Left)&&(i<Right))      if(Max_Value<CCD_Buff[i]) Max_Value=CCD_Buff[i]; 
     52                 } 
     53                 else
     54                 {
     55                    if(Max_Value<CCD_Buff[i])  Max_Value=CCD_Buff[i];
   \                     ??CCD_Capture_1: (+1)
   \   00000050   0x....             LDR.N    R0,??DataTable2_3
   \   00000052   0x8800             LDRH     R0,[R0, #+0]
   \   00000054   0x....             LDR.N    R1,??DataTable2_2
   \   00000056   0xB2E4             UXTB     R4,R4            ;; ZeroExt  R4,R4,#+24,#+24
   \   00000058   0xF831 0x1014      LDRH     R1,[R1, R4, LSL #+1]
   \   0000005C   0x4288             CMP      R0,R1
   \   0000005E   0xD205             BCS.N    ??CCD_Capture_2
   \   00000060   0x....             LDR.N    R0,??DataTable2_2
   \   00000062   0xB2E4             UXTB     R4,R4            ;; ZeroExt  R4,R4,#+24,#+24
   \   00000064   0xF830 0x0014      LDRH     R0,[R0, R4, LSL #+1]
   \   00000068   0x....             LDR.N    R1,??DataTable2_3
   \   0000006A   0x8008             STRH     R0,[R1, #+0]
     56                 }
     57                CLK_ClrVal();     
   \                     ??CCD_Capture_2: (+1)
   \   0000006C   0x2200             MOVS     R2,#+0
   \   0000006E   0x2110             MOVS     R1,#+16
   \   00000070   0x....             LDR.N    R0,??DataTable2  ;; 0x400ff040
   \   00000072   0x.... 0x....      BL       LPLD_GPIO_Output_b
   \   00000076   0x1C64             ADDS     R4,R4,#+1
   \                     ??CCD_Capture_0: (+1)
   \   00000078   0xB2E4             UXTB     R4,R4            ;; ZeroExt  R4,R4,#+24,#+24
   \   0000007A   0x2C80             CMP      R4,#+128
   \   0000007C   0xDA38             BGE.N    ??CCD_Capture_3
   \   0000007E   0x.... 0x....      BL       delay200ns
   \   00000082   0x2201             MOVS     R2,#+1
   \   00000084   0x2110             MOVS     R1,#+16
   \   00000086   0x....             LDR.N    R0,??DataTable2  ;; 0x400ff040
   \   00000088   0x.... 0x....      BL       LPLD_GPIO_Output_b
   \   0000008C   0x.... 0x....      BL       delay200ns
   \   00000090   0x210F             MOVS     R1,#+15
   \   00000092   0x....             LDR.N    R0,??DataTable2_1  ;; 0x400bb000
   \   00000094   0x.... 0x....      BL       LPLD_ADC_Get
   \   00000098   0x....             LDR.N    R1,??DataTable2_2
   \   0000009A   0xB2E4             UXTB     R4,R4            ;; ZeroExt  R4,R4,#+24,#+24
   \   0000009C   0xF821 0x0014      STRH     R0,[R1, R4, LSL #+1]
   \   000000A0   0x....             LDR.N    R0,??DataTable2_4
   \   000000A2   0x6800             LDR      R0,[R0, #+0]
   \   000000A4   0x....             LDR.N    R1,??DataTable2_5
   \   000000A6   0x6809             LDR      R1,[R1, #+0]
   \   000000A8   0x1A40             SUBS     R0,R0,R1
   \   000000AA   0x2815             CMP      R0,#+21
   \   000000AC   0xDBD0             BLT.N    ??CCD_Capture_1
   \   000000AE   0x....             LDR.N    R0,??DataTable2_6
   \   000000B0   0x7800             LDRB     R0,[R0, #+0]
   \   000000B2   0x2800             CMP      R0,#+0
   \   000000B4   0xD0CC             BEQ.N    ??CCD_Capture_1
   \   000000B6   0x....             LDR.N    R0,??DataTable2_7
   \   000000B8   0x7800             LDRB     R0,[R0, #+0]
   \   000000BA   0x2800             CMP      R0,#+0
   \   000000BC   0xD0C8             BEQ.N    ??CCD_Capture_1
   \   000000BE   0x....             LDR.N    R0,??DataTable2_5
   \   000000C0   0x6800             LDR      R0,[R0, #+0]
   \   000000C2   0xB2E4             UXTB     R4,R4            ;; ZeroExt  R4,R4,#+24,#+24
   \   000000C4   0x42A0             CMP      R0,R4
   \   000000C6   0xDAD1             BGE.N    ??CCD_Capture_2
   \   000000C8   0xB2E4             UXTB     R4,R4            ;; ZeroExt  R4,R4,#+24,#+24
   \   000000CA   0x....             LDR.N    R0,??DataTable2_4
   \   000000CC   0x6800             LDR      R0,[R0, #+0]
   \   000000CE   0x4284             CMP      R4,R0
   \   000000D0   0xDACC             BGE.N    ??CCD_Capture_2
   \   000000D2   0x....             LDR.N    R0,??DataTable2_3
   \   000000D4   0x8800             LDRH     R0,[R0, #+0]
   \   000000D6   0x....             LDR.N    R1,??DataTable2_2
   \   000000D8   0xB2E4             UXTB     R4,R4            ;; ZeroExt  R4,R4,#+24,#+24
   \   000000DA   0xF831 0x1014      LDRH     R1,[R1, R4, LSL #+1]
   \   000000DE   0x4288             CMP      R0,R1
   \   000000E0   0xD2C4             BCS.N    ??CCD_Capture_2
   \   000000E2   0x....             LDR.N    R0,??DataTable2_2
   \   000000E4   0xB2E4             UXTB     R4,R4            ;; ZeroExt  R4,R4,#+24,#+24
   \   000000E6   0xF830 0x0014      LDRH     R0,[R0, R4, LSL #+1]
   \   000000EA   0x....             LDR.N    R1,??DataTable2_3
   \   000000EC   0x8008             STRH     R0,[R1, #+0]
   \   000000EE   0xE7BD             B.N      ??CCD_Capture_2
     58             }
     59            //发送第129个clk作为结束
     60            delay200ns();
   \                     ??CCD_Capture_3: (+1)
   \   000000F0   0x.... 0x....      BL       delay200ns
     61            CLK_SetVal();
   \   000000F4   0x2201             MOVS     R2,#+1
   \   000000F6   0x2110             MOVS     R1,#+16
   \   000000F8   0x....             LDR.N    R0,??DataTable2  ;; 0x400ff040
   \   000000FA   0x.... 0x....      BL       LPLD_GPIO_Output_b
     62            delay200ns();
   \   000000FE   0x.... 0x....      BL       delay200ns
     63            CLK_ClrVal();
   \   00000102   0x2200             MOVS     R2,#+0
   \   00000104   0x2110             MOVS     R1,#+16
   \   00000106   0x....             LDR.N    R0,??DataTable2  ;; 0x400ff040
   \   00000108   0x.... 0x....      BL       LPLD_GPIO_Output_b
     64          }
   \   0000010C   0xBD10             POP      {R4,PC}          ;; return
     65           //做归一化处理(将采样值限制在0-127)

   \                                 In section .text, align 2, keep-with-next
     66          void CCD_Normalization()
     67          {
   \                     CCD_Normalization: (+1)
   \   00000000   0xB538             PUSH     {R3-R5,LR}
     68            uint8 i=0;
   \   00000002   0x2500             MOVS     R5,#+0
     69            float ratio;
     70            int temp;
     71            if(Max_Value>CCD_Offset)
   \   00000004   0x....             LDR.N    R0,??DataTable2_8
   \   00000006   0x7800             LDRB     R0,[R0, #+0]
   \   00000008   0x....             LDR.N    R1,??DataTable2_3
   \   0000000A   0x8809             LDRH     R1,[R1, #+0]
   \   0000000C   0xB280             UXTH     R0,R0            ;; ZeroExt  R0,R0,#+16,#+16
   \   0000000E   0x4288             CMP      R0,R1
   \   00000010   0xD210             BCS.N    ??CCD_Normalization_0
     72            ratio=127.0/(Max_Value-CCD_Offset);
   \   00000012   0x....             LDR.N    R0,??DataTable2_3
   \   00000014   0x8800             LDRH     R0,[R0, #+0]
   \   00000016   0x....             LDR.N    R1,??DataTable2_8
   \   00000018   0x7809             LDRB     R1,[R1, #+0]
   \   0000001A   0x1A40             SUBS     R0,R0,R1
   \   0000001C   0x.... 0x....      BL       __aeabi_i2d
   \   00000020   0x0002             MOVS     R2,R0
   \   00000022   0x000B             MOVS     R3,R1
   \   00000024   0x2000             MOVS     R0,#+0
   \   00000026   0x....             LDR.N    R1,??DataTable2_9  ;; 0x405fc000
   \   00000028   0x.... 0x....      BL       __aeabi_ddiv
   \   0000002C   0x.... 0x....      BL       __aeabi_d2f
   \   00000030   0x0004             MOVS     R4,R0
   \   00000032   0xE000             B.N      ??CCD_Normalization_1
     73            else  ratio=0;
   \                     ??CCD_Normalization_0: (+1)
   \   00000034   0x2400             MOVS     R4,#+0
     74            for(i=0; i<128; i++)
   \                     ??CCD_Normalization_1: (+1)
   \   00000036   0x2500             MOVS     R5,#+0
   \   00000038   0xE01E             B.N      ??CCD_Normalization_2
     75            {
     76              if(CCD_Buff[i]>CCD_Offset)
     77              temp=CCD_Buff[i]-CCD_Offset;
     78              else temp=0;
   \                     ??CCD_Normalization_3: (+1)
   \   0000003A   0x2000             MOVS     R0,#+0
     79              CCD_Buff[i]=(int)(temp*ratio);
   \                     ??CCD_Normalization_4: (+1)
   \   0000003C   0x.... 0x....      BL       __aeabi_i2f
   \   00000040   0x0021             MOVS     R1,R4
   \   00000042   0x.... 0x....      BL       __aeabi_fmul
   \   00000046   0x.... 0x....      BL       __aeabi_f2iz
   \   0000004A   0x....             LDR.N    R1,??DataTable2_2
   \   0000004C   0xB2ED             UXTB     R5,R5            ;; ZeroExt  R5,R5,#+24,#+24
   \   0000004E   0xF821 0x0015      STRH     R0,[R1, R5, LSL #+1]
     80              if(CCD_Buff[i]>126) CCD_Buff[i]=126;
   \   00000052   0x....             LDR.N    R0,??DataTable2_2
   \   00000054   0xB2ED             UXTB     R5,R5            ;; ZeroExt  R5,R5,#+24,#+24
   \   00000056   0xF830 0x0015      LDRH     R0,[R0, R5, LSL #+1]
   \   0000005A   0x287F             CMP      R0,#+127
   \   0000005C   0xDB04             BLT.N    ??CCD_Normalization_5
   \   0000005E   0x207E             MOVS     R0,#+126
   \   00000060   0x....             LDR.N    R1,??DataTable2_2
   \   00000062   0xB2ED             UXTB     R5,R5            ;; ZeroExt  R5,R5,#+24,#+24
   \   00000064   0xF821 0x0015      STRH     R0,[R1, R5, LSL #+1]
     81              CCD_Draw_Buff[i]=CCD_Buff[i];
   \                     ??CCD_Normalization_5: (+1)
   \   00000068   0x....             LDR.N    R0,??DataTable2_2
   \   0000006A   0xB2ED             UXTB     R5,R5            ;; ZeroExt  R5,R5,#+24,#+24
   \   0000006C   0xF830 0x0015      LDRH     R0,[R0, R5, LSL #+1]
   \   00000070   0x....             LDR.N    R1,??DataTable2_10
   \   00000072   0xB2ED             UXTB     R5,R5            ;; ZeroExt  R5,R5,#+24,#+24
   \   00000074   0x5468             STRB     R0,[R5, R1]
   \   00000076   0x1C6D             ADDS     R5,R5,#+1
   \                     ??CCD_Normalization_2: (+1)
   \   00000078   0xB2ED             UXTB     R5,R5            ;; ZeroExt  R5,R5,#+24,#+24
   \   0000007A   0x2D80             CMP      R5,#+128
   \   0000007C   0xDA10             BGE.N    ??CCD_Normalization_6
   \   0000007E   0x....             LDR.N    R0,??DataTable2_8
   \   00000080   0x7800             LDRB     R0,[R0, #+0]
   \   00000082   0x....             LDR.N    R1,??DataTable2_2
   \   00000084   0xB2ED             UXTB     R5,R5            ;; ZeroExt  R5,R5,#+24,#+24
   \   00000086   0xF831 0x1015      LDRH     R1,[R1, R5, LSL #+1]
   \   0000008A   0xB280             UXTH     R0,R0            ;; ZeroExt  R0,R0,#+16,#+16
   \   0000008C   0x4288             CMP      R0,R1
   \   0000008E   0xD2D4             BCS.N    ??CCD_Normalization_3
   \   00000090   0x....             LDR.N    R0,??DataTable2_2
   \   00000092   0xB2ED             UXTB     R5,R5            ;; ZeroExt  R5,R5,#+24,#+24
   \   00000094   0xF830 0x0015      LDRH     R0,[R0, R5, LSL #+1]
   \   00000098   0x....             LDR.N    R1,??DataTable2_8
   \   0000009A   0x7809             LDRB     R1,[R1, #+0]
   \   0000009C   0x1A40             SUBS     R0,R0,R1
   \   0000009E   0xE7CD             B.N      ??CCD_Normalization_4
     82            }
     83            CCD_Draw_Buff[130]=BYTE0(Max_Value);
   \                     ??CCD_Normalization_6: (+1)
   \   000000A0   0x....             LDR.N    R0,??DataTable2_3
   \   000000A2   0x7800             LDRB     R0,[R0, #+0]
   \   000000A4   0x....             LDR.N    R1,??DataTable2_10
   \   000000A6   0xF881 0x0082      STRB     R0,[R1, #+130]
     84            CCD_Draw_Buff[131]=BYTE1(Max_Value); 
   \   000000AA   0x....             LDR.N    R0,??DataTable2_3
   \   000000AC   0x7840             LDRB     R0,[R0, #+1]
   \   000000AE   0x....             LDR.N    R1,??DataTable2_10
   \   000000B0   0xF881 0x0083      STRB     R0,[R1, #+131]
     85          }
   \   000000B4   0xBD31             POP      {R0,R4,R5,PC}    ;; return

   \                                 In section .text, align 4, keep-with-next
   \                     ??DataTable2:
   \   00000000   0x400FF040         DC32     0x400ff040

   \                                 In section .text, align 4, keep-with-next
   \                     ??DataTable2_1:
   \   00000000   0x400BB000         DC32     0x400bb000

   \                                 In section .text, align 4, keep-with-next
   \                     ??DataTable2_2:
   \   00000000   0x........         DC32     CCD_Buff

   \                                 In section .text, align 4, keep-with-next
   \                     ??DataTable2_3:
   \   00000000   0x........         DC32     Max_Value

   \                                 In section .text, align 4, keep-with-next
   \                     ??DataTable2_4:
   \   00000000   0x........         DC32     Right

   \                                 In section .text, align 4, keep-with-next
   \                     ??DataTable2_5:
   \   00000000   0x........         DC32     Left

   \                                 In section .text, align 4, keep-with-next
   \                     ??DataTable2_6:
   \   00000000   0x........         DC32     Leftlastfind

   \                                 In section .text, align 4, keep-with-next
   \                     ??DataTable2_7:
   \   00000000   0x........         DC32     Rightlastfind

   \                                 In section .text, align 4, keep-with-next
   \                     ??DataTable2_8:
   \   00000000   0x........         DC32     CCD_Offset

   \                                 In section .text, align 4, keep-with-next
   \                     ??DataTable2_9:
   \   00000000   0x405FC000         DC32     0x405fc000

   \                                 In section .text, align 4, keep-with-next
   \                     ??DataTable2_10:
   \   00000000   0x........         DC32     CCD_Draw_Buff

   Maximum stack usage in bytes:

   .cstack Function
   ------- --------
       8   CCD_Capture
         8   -> LPLD_ADC_Get
         8   -> LPLD_GPIO_Output_b
         8   -> delay200ns
       8   CCD_Exposure
         8   -> LPLD_GPIO_Output_b
         8   -> delay200ns
      16   CCD_Normalization
        16   -> __aeabi_d2f
        16   -> __aeabi_ddiv
        16   -> __aeabi_f2iz
        16   -> __aeabi_fmul
        16   -> __aeabi_i2d
        16   -> __aeabi_i2f
       0   delay200ns


   Section sizes:

   Bytes  Function/Label
   -----  --------------
       4  ??DataTable2
       4  ??DataTable2_1
       4  ??DataTable2_10
       4  ??DataTable2_2
       4  ??DataTable2_3
       4  ??DataTable2_4
       4  ??DataTable2_5
       4  ??DataTable2_6
       4  ??DataTable2_7
       4  ??DataTable2_8
       4  ??DataTable2_9
       2  Brightness
     256  CCD_Buff
     270  CCD_Capture
      96  CCD_Exposure
     182  CCD_Normalization
       1  CCD_Offset
       2  Max_Value
      22  delay200ns

 
 261 bytes in section .bss
 614 bytes in section .text
 
 614 bytes of CODE memory
 261 bytes of DATA memory

Errors: none
Warnings: none
